2018-03-08 16:19:25 com.qtyd.FundsProviderApplication [main] [INFO ] - [48] - Starting FundsProviderApplication on 2013-20171127CT with PID 2016 (F:\eclipseCode\qtydv4\qtyd-funds-provider\target\classes started by Administrator in F:\eclipseCode\qtydv4\qtyd-funds-provider)
2018-03-08 16:19:25 com.qtyd.FundsProviderApplication [main] [INFO ] - [597] - The following profiles are active: prod
2018-03-08 16:19:25 org.springframework.boot.context.embedded.AnnotationConfigEmbeddedWebApplicationContext [main] [INFO ] - [583] - Refreshing org.springframework.boot.context.embedded.AnnotationConfigEmbeddedWebApplicationContext@3bdff935: startup date [Thu Mar 08 16:19:25 GMT+08:00 2018]; root of context hierarchy
2018-03-08 16:19:25 org.hibernate.validator.internal.util.Version [background-preinit] [INFO ] - [30] - HV000001: Hibernate Validator 5.3.6.Final
2018-03-08 16:19:26 org.springframework.context.support.PostProcessorRegistrationDelegate$BeanPostProcessorChecker [main] [INFO ] - [327] - Bean 'DB' of type [com.qtyd.db.DB$$EnhancerBySpringCGLIB$$8b089629] is not eligible for getting processed by all BeanPostProcessors (for example: not eligible for auto-proxying)
2018-03-08 16:19:27 org.springframework.context.support.PostProcessorRegistrationDelegate$BeanPostProcessorChecker [main] [INFO ] - [327] - Bean 'dataSource' of type [org.apache.tomcat.jdbc.pool.DataSource] is not eligible for getting processed by all BeanPostProcessors (for example: not eligible for auto-proxying)
2018-03-08 16:19:27 org.springframework.context.support.PostProcessorRegistrationDelegate$BeanPostProcessorChecker [main] [INFO ] - [327] - Bean 'sqlSessionFactory' of type [org.apache.ibatis.session.defaults.DefaultSqlSessionFactory] is not eligible for getting processed by all BeanPostProcessors (for example: not eligible for auto-proxying)
2018-03-08 16:19:27 org.springframework.context.support.PostProcessorRegistrationDelegate$BeanPostProcessorChecker [main] [INFO ] - [327] - Bean 'userMapper' of type [org.mybatis.spring.mapper.MapperFactoryBean] is not eligible for getting processed by all BeanPostProcessors (for example: not eligible for auto-proxying)
2018-03-08 16:19:27 org.springframework.context.support.PostProcessorRegistrationDelegate$BeanPostProcessorChecker [main] [INFO ] - [327] - Bean 'org.springframework.transaction.annotation.ProxyTransactionManagementConfiguration' of type [org.springframework.transaction.annotation.ProxyTransactionManagementConfiguration$$EnhancerBySpringCGLIB$$172fd169] is not eligible for getting processed by all BeanPostProcessors (for example: not eligible for auto-proxying)
2018-03-08 16:19:27 org.springframework.boot.context.embedded.tomcat.TomcatEmbeddedServletContainer [main] [INFO ] - [89] - Tomcat initialized with port(s): 8080 (http)
2018-03-08 16:19:27 org.apache.catalina.core.StandardService [main] [INFO ] - [179] - Starting service [Tomcat]
2018-03-08 16:19:27 org.apache.catalina.core.StandardEngine [main] [INFO ] - [179] - Starting Servlet Engine: Apache Tomcat/8.5.23
2018-03-08 16:19:27 org.apache.catalina.core.ContainerBase.[Tomcat].[localhost].[/] [localhost-startStop-1] [INFO ] - [179] - Initializing Spring embedded WebApplicationContext
2018-03-08 16:19:27 org.springframework.web.context.ContextLoader [localhost-startStop-1] [INFO ] - [276] - Root WebApplicationContext: initialization completed in 2286 ms
2018-03-08 16:19:28 org.springframework.boot.web.servlet.ServletRegistrationBean [localhost-startStop-1] [INFO ] - [190] - Mapping servlet: 'dispatcherServlet' to [/]
2018-03-08 16:19:28 org.springframework.boot.web.servlet.FilterRegistrationBean [localhost-startStop-1] [INFO ] - [258] - Mapping filter: 'characterEncodingFilter' to: [/*]
2018-03-08 16:19:28 org.springframework.boot.web.servlet.FilterRegistrationBean [localhost-startStop-1] [INFO ] - [258] - Mapping filter: 'hiddenHttpMethodFilter' to: [/*]
2018-03-08 16:19:28 org.springframework.boot.web.servlet.FilterRegistrationBean [localhost-startStop-1] [INFO ] - [258] - Mapping filter: 'httpPutFormContentFilter' to: [/*]
2018-03-08 16:19:28 org.springframework.boot.web.servlet.FilterRegistrationBean [localhost-startStop-1] [INFO ] - [258] - Mapping filter: 'requestContextFilter' to: [/*]
2018-03-08 16:19:28 org.springframework.web.servlet.mvc.method.annotation.RequestMappingHandlerMapping [main] [INFO ] - [543] - Mapped "{[/file/log_file],methods=[GET]}" onto public java.util.Set<java.lang.String> com.qtyd.controller.funds.FileController.file(java.lang.String,java.lang.String)
2018-03-08 16:19:28 org.springframework.web.servlet.mvc.method.annotation.RequestMappingHandlerMapping [main] [INFO ] - [543] - Mapped "{[/file/download],methods=[GET]}" onto public java.lang.String com.qtyd.controller.funds.FileController.download(javax.servlet.http.HttpServletResponse,java.lang.String) throws java.io.IOException
2018-03-08 16:19:28 org.springframework.web.servlet.mvc.method.annotation.RequestMappingHandlerMapping [main] [INFO ] - [543] - Mapped "{[/funds/funds_user],methods=[POST]}" onto public com.qtyd.model.User com.qtyd.controller.funds.FundsController.fundsUserByUserId(java.lang.Long)
2018-03-08 16:19:28 org.springframework.web.servlet.mvc.method.annotation.RequestMappingHandlerMapping [main] [INFO ] - [543] - Mapped "{[/lottery/two_color],methods=[GET]}" onto public java.lang.String com.qtyd.controller.funds.LotteryController.two_color()
2018-03-08 16:19:28 org.springframework.web.servlet.mvc.method.annotation.RequestMappingHandlerMapping [main] [INFO ] - [543] - Mapped "{[/v2/api-docs],methods=[GET],produces=[application/json || application/hal+json]}" onto public org.springframework.http.ResponseEntity<springfox.documentation.spring.web.json.Json> springfox.documentation.swagger2.web.Swagger2Controller.getDocumentation(java.lang.String,javax.servlet.http.HttpServletRequest)
2018-03-08 16:19:28 org.springframework.web.servlet.mvc.method.annotation.RequestMappingHandlerMapping [main] [INFO ] - [543] - Mapped "{[/swagger-resources/configuration/security]}" onto org.springframework.http.ResponseEntity<springfox.documentation.swagger.web.SecurityConfiguration> springfox.documentation.swagger.web.ApiResourceController.securityConfiguration()
2018-03-08 16:19:28 org.springframework.web.servlet.mvc.method.annotation.RequestMappingHandlerMapping [main] [INFO ] - [543] - Mapped "{[/swagger-resources/configuration/ui]}" onto org.springframework.http.ResponseEntity<springfox.documentation.swagger.web.UiConfiguration> springfox.documentation.swagger.web.ApiResourceController.uiConfiguration()
2018-03-08 16:19:28 org.springframework.web.servlet.mvc.method.annotation.RequestMappingHandlerMapping [main] [INFO ] - [543] - Mapped "{[/swagger-resources]}" onto org.springframework.http.ResponseEntity<java.util.List<springfox.documentation.swagger.web.SwaggerResource>> springfox.documentation.swagger.web.ApiResourceController.swaggerResources()
2018-03-08 16:19:28 org.springframework.web.servlet.mvc.method.annotation.RequestMappingHandlerMapping [main] [INFO ] - [543] - Mapped "{[/error]}" onto public org.springframework.http.ResponseEntity<java.util.Map<java.lang.String, java.lang.Object>> org.springframework.boot.autoconfigure.web.BasicErrorController.error(javax.servlet.http.HttpServletRequest)
2018-03-08 16:19:28 org.springframework.web.servlet.mvc.method.annotation.RequestMappingHandlerMapping [main] [INFO ] - [543] - Mapped "{[/error],produces=[text/html]}" onto public org.springframework.web.servlet.ModelAndView org.springframework.boot.autoconfigure.web.BasicErrorController.errorHtml(javax.servlet.http.HttpServletRequest,javax.servlet.http.HttpServletResponse)
2018-03-08 16:19:29 org.springframework.web.servlet.mvc.method.annotation.RequestMappingHandlerAdapter [main] [INFO ] - [534] - Looking for @ControllerAdvice: org.springframework.boot.context.embedded.AnnotationConfigEmbeddedWebApplicationContext@3bdff935: startup date [Thu Mar 08 16:19:25 GMT+08:00 2018]; root of context hierarchy
2018-03-08 16:19:29 org.springframework.web.servlet.handler.SimpleUrlHandlerMapping [main] [INFO ] - [362] - Mapped URL path [/webjars/**] onto handler of type [class org.springframework.web.servlet.resource.ResourceHttpRequestHandler]
2018-03-08 16:19:29 org.springframework.web.servlet.handler.SimpleUrlHandlerMapping [main] [INFO ] - [362] - Mapped URL path [/**] onto handler of type [class org.springframework.web.servlet.resource.ResourceHttpRequestHandler]
2018-03-08 16:19:29 org.springframework.web.servlet.handler.SimpleUrlHandlerMapping [main] [INFO ] - [362] - Mapped URL path [/**/favicon.ico] onto handler of type [class org.springframework.web.servlet.resource.ResourceHttpRequestHandler]
2018-03-08 16:19:30 org.springframework.jmx.export.annotation.AnnotationMBeanExporter [main] [INFO ] - [431] - Registering beans for JMX exposure on startup
2018-03-08 16:19:30 org.springframework.context.support.DefaultLifecycleProcessor [main] [INFO ] - [343] - Starting beans in phase 2147483647
2018-03-08 16:19:30 springfox.documentation.spring.web.plugins.DocumentationPluginsBootstrapper [main] [INFO ] - [120] - Context refreshed
2018-03-08 16:19:30 springfox.documentation.spring.web.plugins.DocumentationPluginsBootstrapper [main] [INFO ] - [123] - Found 1 custom documentation plugin(s)
2018-03-08 16:19:30 springfox.documentation.spring.web.scanners.ApiListingReferenceScanner [main] [INFO ] - [41] - Scanning for api listing references
2018-03-08 16:19:31 org.apache.coyote.http11.Http11NioProtocol [main] [INFO ] - [179] - Initializing ProtocolHandler ["http-nio-8080"]
2018-03-08 16:19:31 org.apache.coyote.http11.Http11NioProtocol [main] [INFO ] - [179] - Starting ProtocolHandler ["http-nio-8080"]
2018-03-08 16:19:31 org.apache.tomcat.util.net.NioSelectorPool [main] [INFO ] - [179] - Using a shared selector for servlet write/read
2018-03-08 16:19:31 org.springframework.boot.context.embedded.tomcat.TomcatEmbeddedServletContainer [main] [INFO ] - [201] - Tomcat started on port(s): 8080 (http)
2018-03-08 16:19:31 com.qtyd.controller.funds.RunController [main] [INFO ] - [36] - 数据库环境=正式环境
2018-03-08 16:19:31 com.qtyd.FundsProviderApplication [main] [INFO ] - [57] - Started FundsProviderApplication in 6.694 seconds (JVM running for 6.997)
