16:05:14.781 logback [main] ERROR c.q.controller.funds.RunController - 错误日志
2018-03-08 16:06:11 logback [main] ERROR c.q.controller.funds.RunController - 错误日志
2018-03-08 16:06:56 logback [main] ERROR o.s.boot.SpringApplication - Application startup failed
java.lang.IllegalStateException: Logback configuration error detected: 
ERROR in ch.qos.logback.classic.PatternLayout("%d{yyyy-MM-dd HH:mm:ss} %contextName [%thread] %-5level %logger{36} - [%t:%r]-[%p]-[%c\:%L] - %msg%n") - Failed to parse pattern "%d{yyyy-MM-dd HH:mm:ss} %contextName [%thread] %-5level %logger{36} - [%t:%r]-[%p]-[%c\:%L] - %msg%n". ch.qos.logback.core.spi.ScanException: Failed to initialize Parser
	at org.springframework.boot.logging.logback.LogbackLoggingSystem.loadConfiguration(LogbackLoggingSystem.java:162)
	at org.springframework.boot.logging.AbstractLoggingSystem.initializeWithConventions(AbstractLoggingSystem.java:81)
	at org.springframework.boot.logging.AbstractLoggingSystem.initialize(AbstractLoggingSystem.java:59)
	at org.springframework.boot.logging.logback.LogbackLoggingSystem.initialize(LogbackLoggingSystem.java:115)
	at org.springframework.boot.logging.LoggingApplicationListener.initializeSystem(LoggingApplicationListener.java:303)
	at org.springframework.boot.logging.LoggingApplicationListener.initialize(LoggingApplicationListener.java:276)
	at org.springframework.boot.logging.LoggingApplicationListener.onApplicationEnvironmentPreparedEvent(LoggingApplicationListener.java:239)
	at org.springframework.boot.logging.LoggingApplicationListener.onApplicationEvent(LoggingApplicationListener.java:212)
	at org.springframework.context.event.SimpleApplicationEventMulticaster.doInvokeListener(SimpleApplicationEventMulticaster.java:172)
	at org.springframework.context.event.SimpleApplicationEventMulticaster.invokeListener(SimpleApplicationEventMulticaster.java:165)
	at org.springframework.context.event.SimpleApplicationEventMulticaster.multicastEvent(SimpleApplicationEventMulticaster.java:139)
	at org.springframework.context.event.SimpleApplicationEventMulticaster.multicastEvent(SimpleApplicationEventMulticaster.java:122)
	at org.springframework.boot.context.event.EventPublishingRunListener.environmentPrepared(EventPublishingRunListener.java:74)
	at org.springframework.boot.SpringApplicationRunListeners.environmentPrepared(SpringApplicationRunListeners.java:54)
	at org.springframework.boot.SpringApplication.prepareEnvironment(SpringApplication.java:325)
	at org.springframework.boot.SpringApplication.run(SpringApplication.java:296)
	at org.springframework.boot.SpringApplication.run(SpringApplication.java:1118)
	at org.springframework.boot.SpringApplication.run(SpringApplication.java:1107)
	at com.qtyd.FundsProviderApplication.main(FundsProviderApplication.java:24)
2018-03-08 16:07:13 logback [main] ERROR o.s.boot.SpringApplication - Application startup failed
java.lang.IllegalStateException: Logback configuration error detected: 
ERROR in ch.qos.logback.classic.PatternLayout("%d{yyyy-MM-dd HH:mm:ss} %contextName [%thread] %-5level %logger{36} [%t:%r]-[%p]-[%c\:%L] - %msg%n") - Failed to parse pattern "%d{yyyy-MM-dd HH:mm:ss} %contextName [%thread] %-5level %logger{36} [%t:%r]-[%p]-[%c\:%L] - %msg%n". ch.qos.logback.core.spi.ScanException: Failed to initialize Parser
	at org.springframework.boot.logging.logback.LogbackLoggingSystem.loadConfiguration(LogbackLoggingSystem.java:162)
	at org.springframework.boot.logging.AbstractLoggingSystem.initializeWithConventions(AbstractLoggingSystem.java:81)
	at org.springframework.boot.logging.AbstractLoggingSystem.initialize(AbstractLoggingSystem.java:59)
	at org.springframework.boot.logging.logback.LogbackLoggingSystem.initialize(LogbackLoggingSystem.java:115)
	at org.springframework.boot.logging.LoggingApplicationListener.initializeSystem(LoggingApplicationListener.java:303)
	at org.springframework.boot.logging.LoggingApplicationListener.initialize(LoggingApplicationListener.java:276)
	at org.springframework.boot.logging.LoggingApplicationListener.onApplicationEnvironmentPreparedEvent(LoggingApplicationListener.java:239)
	at org.springframework.boot.logging.LoggingApplicationListener.onApplicationEvent(LoggingApplicationListener.java:212)
	at org.springframework.context.event.SimpleApplicationEventMulticaster.doInvokeListener(SimpleApplicationEventMulticaster.java:172)
	at org.springframework.context.event.SimpleApplicationEventMulticaster.invokeListener(SimpleApplicationEventMulticaster.java:165)
	at org.springframework.context.event.SimpleApplicationEventMulticaster.multicastEvent(SimpleApplicationEventMulticaster.java:139)
	at org.springframework.context.event.SimpleApplicationEventMulticaster.multicastEvent(SimpleApplicationEventMulticaster.java:122)
	at org.springframework.boot.context.event.EventPublishingRunListener.environmentPrepared(EventPublishingRunListener.java:74)
	at org.springframework.boot.SpringApplicationRunListeners.environmentPrepared(SpringApplicationRunListeners.java:54)
	at org.springframework.boot.SpringApplication.prepareEnvironment(SpringApplication.java:325)
	at org.springframework.boot.SpringApplication.run(SpringApplication.java:296)
	at org.springframework.boot.SpringApplication.run(SpringApplication.java:1118)
	at org.springframework.boot.SpringApplication.run(SpringApplication.java:1107)
	at com.qtyd.FundsProviderApplication.main(FundsProviderApplication.java:24)
2018-03-08 16:07:50 logback [main] ERROR c.q.controller.funds.RunController - 错误日志
2018-03-08 16:08:50 logback [main] ERROR c.q.controller.funds.RunController - 错误日志
2018-03-08 16:09:31 logback [main] ERROR c.q.controller.funds.RunController - 错误日志
2018-03-08 16:10:07 logback [main] ERROR c.q.controller.funds.RunController - 错误日志
2018-03-08 16:10:39 logback [main] ERROR c.q.controller.funds.RunController - 错误日志
2018-03-08 16:11:08 com.qtyd.controller.funds.RunController [main] [ERROR] - [35] - 错误日志
2018-03-08 16:12:56 com.qtyd.controller.funds.RunController [main] [ERROR] - [37] - 错误日志
2018-03-08 16:12:56 org.springframework.boot.SpringApplication [main] [ERROR] - [771] - Application startup failed
java.lang.IllegalStateException: Failed to execute ApplicationRunner
	at org.springframework.boot.SpringApplication.callRunner(SpringApplication.java:726)
	at org.springframework.boot.SpringApplication.callRunners(SpringApplication.java:713)
	at org.springframework.boot.SpringApplication.afterRefresh(SpringApplication.java:703)
	at org.springframework.boot.SpringApplication.run(SpringApplication.java:304)
	at org.springframework.boot.SpringApplication.run(SpringApplication.java:1118)
	at org.springframework.boot.SpringApplication.run(SpringApplication.java:1107)
	at com.qtyd.FundsProviderApplication.main(FundsProviderApplication.java:24)
Caused by: java.io.IOException: null
	at com.qtyd.controller.funds.RunController.run(RunController.java:38)
	at org.springframework.boot.SpringApplication.callRunner(SpringApplication.java:723)
	... 6 common frames omitted
