2018-03-23 13:31:01 com.qtyd.FundsProviderApplication [main] [INFO ] - [48] - Starting FundsProviderApplication on 2013-20171127CT with PID 10596 (F:\eclipseCode\qtydv4\qtyd-funds-provider\target\classes started by Administrator in F:\eclipseCode\qtydv4\qtyd-funds-provider)
2018-03-23 13:31:01 com.qtyd.FundsProviderApplication [main] [INFO ] - [597] - The following profiles are active: test
2018-03-23 13:31:01 org.springframework.boot.context.embedded.AnnotationConfigEmbeddedWebApplicationContext [main] [INFO ] - [583] - Refreshing org.springframework.boot.context.embedded.AnnotationConfigEmbeddedWebApplicationContext@743ef044: startup date [Fri Mar 23 13:31:01 GMT+08:00 2018]; root of context hierarchy
2018-03-23 13:31:02 org.hibernate.validator.internal.util.Version [background-preinit] [INFO ] - [30] - HV000001: Hibernate Validator 5.3.6.Final
2018-03-23 13:31:04 org.springframework.data.repository.config.RepositoryConfigurationDelegate [main] [INFO ] - [165] - Multiple Spring Data modules found, entering strict repository configuration mode!
2018-03-23 13:31:05 org.springframework.boot.context.properties.ConfigurationPropertiesBindingPostProcessor [main] [WARN ] - [269] - Multiple PropertySourcesPlaceholderConfigurer beans registered [propertySourcesPlaceholderConfigurer, placeholderConfigurer], falling back to Environment
2018-03-23 13:31:05 org.springframework.context.support.PostProcessorRegistrationDelegate$BeanPostProcessorChecker [main] [INFO ] - [327] - Bean 'DB' of type [com.qtyd.db.DB$$EnhancerBySpringCGLIB$$4e24182] is not eligible for getting processed by all BeanPostProcessors (for example: not eligible for auto-proxying)
2018-03-23 13:31:05 org.springframework.beans.factory.support.DefaultListableBeanFactory [main] [WARN ] - [1524] - Bean creation exception on non-lazy FactoryBean type check: org.springframework.beans.factory.BeanCreationException: Error creating bean with name 'userRewardMapper' defined in file [F:\eclipseCode\qtydv4\qtyd-api\target\classes\com\qtyd\dao\UserRewardMapper.class]: Cannot resolve reference to bean 'sqlSessionFactory' while setting bean property 'sqlSessionFactory'; nested exception is org.springframework.beans.factory.BeanCurrentlyInCreationException: Error creating bean with name 'sqlSessionFactory': Requested bean is currently in creation: Is there an unresolvable circular reference?
2018-03-23 13:31:05 org.springframework.beans.factory.support.DefaultListableBeanFactory [main] [WARN ] - [1524] - Bean creation exception on non-lazy FactoryBean type check: org.springframework.beans.factory.BeanCreationException: Error creating bean with name 'userRewardMapper' defined in file [F:\eclipseCode\qtydv4\qtyd-api\target\classes\com\qtyd\dao\UserRewardMapper.class]: Cannot resolve reference to bean 'sqlSessionFactory' while setting bean property 'sqlSessionFactory'; nested exception is org.springframework.beans.factory.BeanCurrentlyInCreationException: Error creating bean with name 'sqlSessionFactory': Requested bean is currently in creation: Is there an unresolvable circular reference?
2018-03-23 13:31:05 org.springframework.beans.factory.support.DefaultListableBeanFactory [main] [WARN ] - [1524] - Bean creation exception on non-lazy FactoryBean type check: org.springframework.beans.factory.BeanCreationException: Error creating bean with name 'userRewardMapper' defined in file [F:\eclipseCode\qtydv4\qtyd-api\target\classes\com\qtyd\dao\UserRewardMapper.class]: Cannot resolve reference to bean 'sqlSessionFactory' while setting bean property 'sqlSessionFactory'; nested exception is org.springframework.beans.factory.BeanCurrentlyInCreationException: Error creating bean with name 'sqlSessionFactory': Requested bean is currently in creation: Is there an unresolvable circular reference?
2018-03-23 13:31:05 org.springframework.beans.factory.support.DefaultListableBeanFactory [main] [WARN ] - [1524] - Bean creation exception on non-lazy FactoryBean type check: org.springframework.beans.factory.BeanCreationException: Error creating bean with name 'userRewardMapper' defined in file [F:\eclipseCode\qtydv4\qtyd-api\target\classes\com\qtyd\dao\UserRewardMapper.class]: Cannot resolve reference to bean 'sqlSessionFactory' while setting bean property 'sqlSessionFactory'; nested exception is org.springframework.beans.factory.BeanCurrentlyInCreationException: Error creating bean with name 'sqlSessionFactory': Requested bean is currently in creation: Is there an unresolvable circular reference?
2018-03-23 13:31:05 org.springframework.context.support.PostProcessorRegistrationDelegate$BeanPostProcessorChecker [main] [INFO ] - [327] - Bean 'dataSource' of type [org.apache.tomcat.jdbc.pool.DataSource] is not eligible for getting processed by all BeanPostProcessors (for example: not eligible for auto-proxying)
2018-03-23 13:31:06 org.springframework.context.support.PostProcessorRegistrationDelegate$BeanPostProcessorChecker [main] [INFO ] - [327] - Bean 'sqlSessionFactory' of type [org.apache.ibatis.session.defaults.DefaultSqlSessionFactory] is not eligible for getting processed by all BeanPostProcessors (for example: not eligible for auto-proxying)
2018-03-23 13:31:06 org.springframework.context.support.PostProcessorRegistrationDelegate$BeanPostProcessorChecker [main] [INFO ] - [327] - Bean 'userMapper' of type [org.mybatis.spring.mapper.MapperFactoryBean] is not eligible for getting processed by all BeanPostProcessors (for example: not eligible for auto-proxying)
2018-03-23 13:31:06 org.springframework.context.support.PostProcessorRegistrationDelegate$BeanPostProcessorChecker [main] [INFO ] - [327] - Bean 'userRewardMapper' of type [org.mybatis.spring.mapper.MapperFactoryBean] is not eligible for getting processed by all BeanPostProcessors (for example: not eligible for auto-proxying)
2018-03-23 13:31:06 org.springframework.context.support.PostProcessorRegistrationDelegate$BeanPostProcessorChecker [main] [INFO ] - [327] - Bean 'com.qtyd.config.RedisConfig' of type [com.qtyd.config.RedisConfig$$EnhancerBySpringCGLIB$$93fad88b] is not eligible for getting processed by all BeanPostProcessors (for example: not eligible for auto-proxying)
2018-03-23 13:31:06 org.springframework.context.support.PostProcessorRegistrationDelegate$BeanPostProcessorChecker [main] [INFO ] - [327] - Bean 'org.springframework.transaction.annotation.ProxyTransactionManagementConfiguration' of type [org.springframework.transaction.annotation.ProxyTransactionManagementConfiguration$$EnhancerBySpringCGLIB$$91097cc2] is not eligible for getting processed by all BeanPostProcessors (for example: not eligible for auto-proxying)
2018-03-23 13:31:06 org.springframework.context.support.PostProcessorRegistrationDelegate$BeanPostProcessorChecker [main] [INFO ] - [327] - Bean 'keyGenerator' of type [com.qtyd.config.RedisConfig$1] is not eligible for getting processed by all BeanPostProcessors (for example: not eligible for auto-proxying)
2018-03-23 13:31:06 org.springframework.context.support.PostProcessorRegistrationDelegate$BeanPostProcessorChecker [main] [INFO ] - [327] - Bean 'org.springframework.cache.annotation.ProxyCachingConfiguration' of type [org.springframework.cache.annotation.ProxyCachingConfiguration$$EnhancerBySpringCGLIB$$da1bb2e0] is not eligible for getting processed by all BeanPostProcessors (for example: not eligible for auto-proxying)
2018-03-23 13:31:07 org.springframework.boot.context.embedded.tomcat.TomcatEmbeddedServletContainer [main] [INFO ] - [89] - Tomcat initialized with port(s): 8080 (http)
2018-03-23 13:31:07 org.apache.catalina.core.StandardService [main] [INFO ] - [179] - Starting service [Tomcat]
2018-03-23 13:31:07 org.apache.catalina.core.StandardEngine [main] [INFO ] - [179] - Starting Servlet Engine: Apache Tomcat/8.5.23
2018-03-23 13:31:07 org.apache.catalina.core.ContainerBase.[Tomcat].[localhost].[/] [localhost-startStop-1] [INFO ] - [179] - Initializing Spring embedded WebApplicationContext
2018-03-23 13:31:07 org.springframework.web.context.ContextLoader [localhost-startStop-1] [INFO ] - [276] - Root WebApplicationContext: initialization completed in 5752 ms
2018-03-23 13:31:08 org.springframework.boot.web.servlet.ServletRegistrationBean [localhost-startStop-1] [INFO ] - [190] - Mapping servlet: 'dispatcherServlet' to [/]
2018-03-23 13:31:08 org.springframework.boot.web.servlet.FilterRegistrationBean [localhost-startStop-1] [INFO ] - [258] - Mapping filter: 'characterEncodingFilter' to: [/*]
2018-03-23 13:31:08 org.springframework.boot.web.servlet.FilterRegistrationBean [localhost-startStop-1] [INFO ] - [258] - Mapping filter: 'springSessionRepositoryFilter' to: [/*]
2018-03-23 13:31:08 org.springframework.boot.web.servlet.FilterRegistrationBean [localhost-startStop-1] [INFO ] - [258] - Mapping filter: 'hiddenHttpMethodFilter' to: [/*]
2018-03-23 13:31:08 org.springframework.boot.web.servlet.FilterRegistrationBean [localhost-startStop-1] [INFO ] - [258] - Mapping filter: 'httpPutFormContentFilter' to: [/*]
2018-03-23 13:31:08 org.springframework.boot.web.servlet.FilterRegistrationBean [localhost-startStop-1] [INFO ] - [258] - Mapping filter: 'requestContextFilter' to: [/*]
2018-03-23 13:31:09 org.springframework.web.servlet.mvc.method.annotation.RequestMappingHandlerMapping [main] [INFO ] - [543] - Mapped "{[/file/log_file],methods=[GET]}" onto public java.util.Set<java.lang.String> com.qtyd.controller.funds.FileController.file(java.lang.String,java.lang.String)
2018-03-23 13:31:09 org.springframework.web.servlet.mvc.method.annotation.RequestMappingHandlerMapping [main] [INFO ] - [543] - Mapped "{[/file/download],methods=[GET]}" onto public java.lang.String com.qtyd.controller.funds.FileController.download(javax.servlet.http.HttpServletResponse,java.lang.String) throws java.io.IOException
2018-03-23 13:31:09 org.springframework.web.servlet.mvc.method.annotation.RequestMappingHandlerMapping [main] [INFO ] - [543] - Mapped "{[/funds/funds_user],methods=[POST]}" onto public com.qtyd.model.User com.qtyd.controller.funds.FundsController.fundsUserByUserId(java.lang.Long,javax.servlet.http.HttpSession)
2018-03-23 13:31:09 org.springframework.web.servlet.mvc.method.annotation.RequestMappingHandlerMapping [main] [INFO ] - [543] - Mapped "{[/lottery/two_color],methods=[GET]}" onto public java.lang.String com.qtyd.controller.funds.LotteryController.two_color()
2018-03-23 13:31:09 org.springframework.web.servlet.mvc.method.annotation.RequestMappingHandlerMapping [main] [INFO ] - [543] - Mapped "{[/task/task_0],methods=[POST]}" onto public java.lang.String com.qtyd.controller.funds.ScheduledTaskController.task()
2018-03-23 13:31:09 org.springframework.web.servlet.mvc.method.annotation.RequestMappingHandlerMapping [main] [INFO ] - [543] - Mapped "{[/v2/api-docs],methods=[GET],produces=[application/json || application/hal+json]}" onto public org.springframework.http.ResponseEntity<springfox.documentation.spring.web.json.Json> springfox.documentation.swagger2.web.Swagger2Controller.getDocumentation(java.lang.String,javax.servlet.http.HttpServletRequest)
2018-03-23 13:31:09 org.springframework.web.servlet.mvc.method.annotation.RequestMappingHandlerMapping [main] [INFO ] - [543] - Mapped "{[/swagger-resources/configuration/security]}" onto org.springframework.http.ResponseEntity<springfox.documentation.swagger.web.SecurityConfiguration> springfox.documentation.swagger.web.ApiResourceController.securityConfiguration()
2018-03-23 13:31:09 org.springframework.web.servlet.mvc.method.annotation.RequestMappingHandlerMapping [main] [INFO ] - [543] - Mapped "{[/swagger-resources/configuration/ui]}" onto org.springframework.http.ResponseEntity<springfox.documentation.swagger.web.UiConfiguration> springfox.documentation.swagger.web.ApiResourceController.uiConfiguration()
2018-03-23 13:31:09 org.springframework.web.servlet.mvc.method.annotation.RequestMappingHandlerMapping [main] [INFO ] - [543] - Mapped "{[/swagger-resources]}" onto org.springframework.http.ResponseEntity<java.util.List<springfox.documentation.swagger.web.SwaggerResource>> springfox.documentation.swagger.web.ApiResourceController.swaggerResources()
2018-03-23 13:31:09 org.springframework.web.servlet.mvc.method.annotation.RequestMappingHandlerMapping [main] [INFO ] - [543] - Mapped "{[/error]}" onto public org.springframework.http.ResponseEntity<java.util.Map<java.lang.String, java.lang.Object>> org.springframework.boot.autoconfigure.web.BasicErrorController.error(javax.servlet.http.HttpServletRequest)
2018-03-23 13:31:09 org.springframework.web.servlet.mvc.method.annotation.RequestMappingHandlerMapping [main] [INFO ] - [543] - Mapped "{[/error],produces=[text/html]}" onto public org.springframework.web.servlet.ModelAndView org.springframework.boot.autoconfigure.web.BasicErrorController.errorHtml(javax.servlet.http.HttpServletRequest,javax.servlet.http.HttpServletResponse)
2018-03-23 13:31:11 org.springframework.boot.context.embedded.AnnotationConfigEmbeddedWebApplicationContext [main] [WARN ] - [551] - Exception encountered during context initialization - cancelling refresh attempt: org.springframework.beans.factory.BeanCreationException: Error creating bean with name 'enableRedisKeyspaceNotificationsInitializer' defined in org.springframework.session.data.redis.config.annotation.web.http.RedisHttpSessionConfiguration: Invocation of init method failed; nested exception is org.springframework.data.redis.RedisConnectionFailureException: Cannot get Jedis connection; nested exception is redis.clients.jedis.exceptions.JedisConnectionException: Could not get a resource from the pool
2018-03-23 13:31:11 org.apache.catalina.core.StandardService [main] [INFO ] - [179] - Stopping service [Tomcat]
2018-03-23 13:31:11 org.springframework.boot.autoconfigure.logging.AutoConfigurationReportLoggingInitializer [main] [INFO ] - [101] - 

Error starting ApplicationContext. To display the auto-configuration report re-run your application with 'debug' enabled.
2018-03-23 13:32:02 com.qtyd.FundsProviderApplication [main] [INFO ] - [48] - Starting FundsProviderApplication on 2013-20171127CT with PID 15456 (F:\eclipseCode\qtydv4\qtyd-funds-provider\target\classes started by Administrator in F:\eclipseCode\qtydv4\qtyd-funds-provider)
2018-03-23 13:32:02 com.qtyd.FundsProviderApplication [main] [INFO ] - [597] - The following profiles are active: test
2018-03-23 13:32:02 org.springframework.boot.context.embedded.AnnotationConfigEmbeddedWebApplicationContext [main] [INFO ] - [583] - Refreshing org.springframework.boot.context.embedded.AnnotationConfigEmbeddedWebApplicationContext@668b168b: startup date [Fri Mar 23 13:32:02 GMT+08:00 2018]; root of context hierarchy
2018-03-23 13:32:02 org.hibernate.validator.internal.util.Version [background-preinit] [INFO ] - [30] - HV000001: Hibernate Validator 5.3.6.Final
2018-03-23 13:32:03 org.springframework.data.repository.config.RepositoryConfigurationDelegate [main] [INFO ] - [165] - Multiple Spring Data modules found, entering strict repository configuration mode!
2018-03-23 13:32:03 org.springframework.boot.context.properties.ConfigurationPropertiesBindingPostProcessor [main] [WARN ] - [269] - Multiple PropertySourcesPlaceholderConfigurer beans registered [propertySourcesPlaceholderConfigurer, placeholderConfigurer], falling back to Environment
2018-03-23 13:32:03 org.springframework.context.support.PostProcessorRegistrationDelegate$BeanPostProcessorChecker [main] [INFO ] - [327] - Bean 'DB' of type [com.qtyd.db.DB$$EnhancerBySpringCGLIB$$fbd6a4be] is not eligible for getting processed by all BeanPostProcessors (for example: not eligible for auto-proxying)
2018-03-23 13:32:04 org.springframework.beans.factory.support.DefaultListableBeanFactory [main] [WARN ] - [1524] - Bean creation exception on non-lazy FactoryBean type check: org.springframework.beans.factory.BeanCreationException: Error creating bean with name 'userRewardMapper' defined in file [F:\eclipseCode\qtydv4\qtyd-api\target\classes\com\qtyd\dao\UserRewardMapper.class]: Cannot resolve reference to bean 'sqlSessionFactory' while setting bean property 'sqlSessionFactory'; nested exception is org.springframework.beans.factory.BeanCurrentlyInCreationException: Error creating bean with name 'sqlSessionFactory': Requested bean is currently in creation: Is there an unresolvable circular reference?
2018-03-23 13:32:04 org.springframework.beans.factory.support.DefaultListableBeanFactory [main] [WARN ] - [1524] - Bean creation exception on non-lazy FactoryBean type check: org.springframework.beans.factory.BeanCreationException: Error creating bean with name 'userRewardMapper' defined in file [F:\eclipseCode\qtydv4\qtyd-api\target\classes\com\qtyd\dao\UserRewardMapper.class]: Cannot resolve reference to bean 'sqlSessionFactory' while setting bean property 'sqlSessionFactory'; nested exception is org.springframework.beans.factory.BeanCurrentlyInCreationException: Error creating bean with name 'sqlSessionFactory': Requested bean is currently in creation: Is there an unresolvable circular reference?
2018-03-23 13:32:04 org.springframework.beans.factory.support.DefaultListableBeanFactory [main] [WARN ] - [1524] - Bean creation exception on non-lazy FactoryBean type check: org.springframework.beans.factory.BeanCreationException: Error creating bean with name 'userRewardMapper' defined in file [F:\eclipseCode\qtydv4\qtyd-api\target\classes\com\qtyd\dao\UserRewardMapper.class]: Cannot resolve reference to bean 'sqlSessionFactory' while setting bean property 'sqlSessionFactory'; nested exception is org.springframework.beans.factory.BeanCurrentlyInCreationException: Error creating bean with name 'sqlSessionFactory': Requested bean is currently in creation: Is there an unresolvable circular reference?
2018-03-23 13:32:04 org.springframework.beans.factory.support.DefaultListableBeanFactory [main] [WARN ] - [1524] - Bean creation exception on non-lazy FactoryBean type check: org.springframework.beans.factory.BeanCreationException: Error creating bean with name 'userRewardMapper' defined in file [F:\eclipseCode\qtydv4\qtyd-api\target\classes\com\qtyd\dao\UserRewardMapper.class]: Cannot resolve reference to bean 'sqlSessionFactory' while setting bean property 'sqlSessionFactory'; nested exception is org.springframework.beans.factory.BeanCurrentlyInCreationException: Error creating bean with name 'sqlSessionFactory': Requested bean is currently in creation: Is there an unresolvable circular reference?
2018-03-23 13:32:04 org.springframework.context.support.PostProcessorRegistrationDelegate$BeanPostProcessorChecker [main] [INFO ] - [327] - Bean 'dataSource' of type [org.apache.tomcat.jdbc.pool.DataSource] is not eligible for getting processed by all BeanPostProcessors (for example: not eligible for auto-proxying)
2018-03-23 13:32:04 org.springframework.context.support.PostProcessorRegistrationDelegate$BeanPostProcessorChecker [main] [INFO ] - [327] - Bean 'sqlSessionFactory' of type [org.apache.ibatis.session.defaults.DefaultSqlSessionFactory] is not eligible for getting processed by all BeanPostProcessors (for example: not eligible for auto-proxying)
2018-03-23 13:32:04 org.springframework.context.support.PostProcessorRegistrationDelegate$BeanPostProcessorChecker [main] [INFO ] - [327] - Bean 'userMapper' of type [org.mybatis.spring.mapper.MapperFactoryBean] is not eligible for getting processed by all BeanPostProcessors (for example: not eligible for auto-proxying)
2018-03-23 13:32:04 org.springframework.context.support.PostProcessorRegistrationDelegate$BeanPostProcessorChecker [main] [INFO ] - [327] - Bean 'userRewardMapper' of type [org.mybatis.spring.mapper.MapperFactoryBean] is not eligible for getting processed by all BeanPostProcessors (for example: not eligible for auto-proxying)
2018-03-23 13:32:04 org.springframework.context.support.PostProcessorRegistrationDelegate$BeanPostProcessorChecker [main] [INFO ] - [327] - Bean 'com.qtyd.config.RedisConfig' of type [com.qtyd.config.RedisConfig$$EnhancerBySpringCGLIB$$8aef3bc7] is not eligible for getting processed by all BeanPostProcessors (for example: not eligible for auto-proxying)
2018-03-23 13:32:04 org.springframework.context.support.PostProcessorRegistrationDelegate$BeanPostProcessorChecker [main] [INFO ] - [327] - Bean 'org.springframework.transaction.annotation.ProxyTransactionManagementConfiguration' of type [org.springframework.transaction.annotation.ProxyTransactionManagementConfiguration$$EnhancerBySpringCGLIB$$87fddffe] is not eligible for getting processed by all BeanPostProcessors (for example: not eligible for auto-proxying)
2018-03-23 13:32:04 org.springframework.context.support.PostProcessorRegistrationDelegate$BeanPostProcessorChecker [main] [INFO ] - [327] - Bean 'keyGenerator' of type [com.qtyd.config.RedisConfig$1] is not eligible for getting processed by all BeanPostProcessors (for example: not eligible for auto-proxying)
2018-03-23 13:32:04 org.springframework.context.support.PostProcessorRegistrationDelegate$BeanPostProcessorChecker [main] [INFO ] - [327] - Bean 'org.springframework.cache.annotation.ProxyCachingConfiguration' of type [org.springframework.cache.annotation.ProxyCachingConfiguration$$EnhancerBySpringCGLIB$$d110161c] is not eligible for getting processed by all BeanPostProcessors (for example: not eligible for auto-proxying)
2018-03-23 13:32:04 org.springframework.boot.context.embedded.tomcat.TomcatEmbeddedServletContainer [main] [INFO ] - [89] - Tomcat initialized with port(s): 8080 (http)
2018-03-23 13:32:04 org.apache.catalina.core.StandardService [main] [INFO ] - [179] - Starting service [Tomcat]
2018-03-23 13:32:04 org.apache.catalina.core.StandardEngine [main] [INFO ] - [179] - Starting Servlet Engine: Apache Tomcat/8.5.23
2018-03-23 13:32:05 org.apache.catalina.core.ContainerBase.[Tomcat].[localhost].[/] [localhost-startStop-1] [INFO ] - [179] - Initializing Spring embedded WebApplicationContext
2018-03-23 13:32:05 org.springframework.web.context.ContextLoader [localhost-startStop-1] [INFO ] - [276] - Root WebApplicationContext: initialization completed in 2480 ms
2018-03-23 13:32:05 org.springframework.boot.web.servlet.ServletRegistrationBean [localhost-startStop-1] [INFO ] - [190] - Mapping servlet: 'dispatcherServlet' to [/]
2018-03-23 13:32:05 org.springframework.boot.web.servlet.FilterRegistrationBean [localhost-startStop-1] [INFO ] - [258] - Mapping filter: 'characterEncodingFilter' to: [/*]
2018-03-23 13:32:05 org.springframework.boot.web.servlet.FilterRegistrationBean [localhost-startStop-1] [INFO ] - [258] - Mapping filter: 'springSessionRepositoryFilter' to: [/*]
2018-03-23 13:32:05 org.springframework.boot.web.servlet.FilterRegistrationBean [localhost-startStop-1] [INFO ] - [258] - Mapping filter: 'hiddenHttpMethodFilter' to: [/*]
2018-03-23 13:32:05 org.springframework.boot.web.servlet.FilterRegistrationBean [localhost-startStop-1] [INFO ] - [258] - Mapping filter: 'httpPutFormContentFilter' to: [/*]
2018-03-23 13:32:05 org.springframework.boot.web.servlet.FilterRegistrationBean [localhost-startStop-1] [INFO ] - [258] - Mapping filter: 'requestContextFilter' to: [/*]
2018-03-23 13:32:05 org.springframework.web.servlet.mvc.method.annotation.RequestMappingHandlerMapping [main] [INFO ] - [543] - Mapped "{[/file/log_file],methods=[GET]}" onto public java.util.Set<java.lang.String> com.qtyd.controller.funds.FileController.file(java.lang.String,java.lang.String)
2018-03-23 13:32:05 org.springframework.web.servlet.mvc.method.annotation.RequestMappingHandlerMapping [main] [INFO ] - [543] - Mapped "{[/file/download],methods=[GET]}" onto public java.lang.String com.qtyd.controller.funds.FileController.download(javax.servlet.http.HttpServletResponse,java.lang.String) throws java.io.IOException
2018-03-23 13:32:05 org.springframework.web.servlet.mvc.method.annotation.RequestMappingHandlerMapping [main] [INFO ] - [543] - Mapped "{[/funds/funds_user],methods=[POST]}" onto public com.qtyd.model.User com.qtyd.controller.funds.FundsController.fundsUserByUserId(java.lang.Long,javax.servlet.http.HttpSession)
2018-03-23 13:32:05 org.springframework.web.servlet.mvc.method.annotation.RequestMappingHandlerMapping [main] [INFO ] - [543] - Mapped "{[/lottery/two_color],methods=[GET]}" onto public java.lang.String com.qtyd.controller.funds.LotteryController.two_color()
2018-03-23 13:32:05 org.springframework.web.servlet.mvc.method.annotation.RequestMappingHandlerMapping [main] [INFO ] - [543] - Mapped "{[/task/task_0],methods=[POST]}" onto public java.lang.String com.qtyd.controller.funds.ScheduledTaskController.task()
2018-03-23 13:32:05 org.springframework.web.servlet.mvc.method.annotation.RequestMappingHandlerMapping [main] [INFO ] - [543] - Mapped "{[/v2/api-docs],methods=[GET],produces=[application/json || application/hal+json]}" onto public org.springframework.http.ResponseEntity<springfox.documentation.spring.web.json.Json> springfox.documentation.swagger2.web.Swagger2Controller.getDocumentation(java.lang.String,javax.servlet.http.HttpServletRequest)
2018-03-23 13:32:05 org.springframework.web.servlet.mvc.method.annotation.RequestMappingHandlerMapping [main] [INFO ] - [543] - Mapped "{[/swagger-resources/configuration/security]}" onto org.springframework.http.ResponseEntity<springfox.documentation.swagger.web.SecurityConfiguration> springfox.documentation.swagger.web.ApiResourceController.securityConfiguration()
2018-03-23 13:32:05 org.springframework.web.servlet.mvc.method.annotation.RequestMappingHandlerMapping [main] [INFO ] - [543] - Mapped "{[/swagger-resources/configuration/ui]}" onto org.springframework.http.ResponseEntity<springfox.documentation.swagger.web.UiConfiguration> springfox.documentation.swagger.web.ApiResourceController.uiConfiguration()
2018-03-23 13:32:05 org.springframework.web.servlet.mvc.method.annotation.RequestMappingHandlerMapping [main] [INFO ] - [543] - Mapped "{[/swagger-resources]}" onto org.springframework.http.ResponseEntity<java.util.List<springfox.documentation.swagger.web.SwaggerResource>> springfox.documentation.swagger.web.ApiResourceController.swaggerResources()
2018-03-23 13:32:05 org.springframework.web.servlet.mvc.method.annotation.RequestMappingHandlerMapping [main] [INFO ] - [543] - Mapped "{[/error]}" onto public org.springframework.http.ResponseEntity<java.util.Map<java.lang.String, java.lang.Object>> org.springframework.boot.autoconfigure.web.BasicErrorController.error(javax.servlet.http.HttpServletRequest)
2018-03-23 13:32:05 org.springframework.web.servlet.mvc.method.annotation.RequestMappingHandlerMapping [main] [INFO ] - [543] - Mapped "{[/error],produces=[text/html]}" onto public org.springframework.web.servlet.ModelAndView org.springframework.boot.autoconfigure.web.BasicErrorController.errorHtml(javax.servlet.http.HttpServletRequest,javax.servlet.http.HttpServletResponse)
2018-03-23 13:32:06 org.springframework.web.servlet.mvc.method.annotation.RequestMappingHandlerAdapter [main] [INFO ] - [534] - Looking for @ControllerAdvice: org.springframework.boot.context.embedded.AnnotationConfigEmbeddedWebApplicationContext@668b168b: startup date [Fri Mar 23 13:32:02 GMT+08:00 2018]; root of context hierarchy
2018-03-23 13:32:06 org.springframework.web.servlet.handler.SimpleUrlHandlerMapping [main] [INFO ] - [362] - Mapped URL path [/webjars/**] onto handler of type [class org.springframework.web.servlet.resource.ResourceHttpRequestHandler]
2018-03-23 13:32:06 org.springframework.web.servlet.handler.SimpleUrlHandlerMapping [main] [INFO ] - [362] - Mapped URL path [/**] onto handler of type [class org.springframework.web.servlet.resource.ResourceHttpRequestHandler]
2018-03-23 13:32:06 org.springframework.web.servlet.handler.SimpleUrlHandlerMapping [main] [INFO ] - [362] - Mapped URL path [/**/favicon.ico] onto handler of type [class org.springframework.web.servlet.resource.ResourceHttpRequestHandler]
2018-03-23 13:32:07 org.springframework.jmx.export.annotation.AnnotationMBeanExporter [main] [INFO ] - [431] - Registering beans for JMX exposure on startup
2018-03-23 13:32:07 org.springframework.context.support.DefaultLifecycleProcessor [main] [INFO ] - [343] - Starting beans in phase 2147483647
2018-03-23 13:32:07 springfox.documentation.spring.web.plugins.DocumentationPluginsBootstrapper [main] [INFO ] - [120] - Context refreshed
2018-03-23 13:32:07 springfox.documentation.spring.web.plugins.DocumentationPluginsBootstrapper [main] [INFO ] - [123] - Found 1 custom documentation plugin(s)
2018-03-23 13:32:07 springfox.documentation.spring.web.scanners.ApiListingReferenceScanner [main] [INFO ] - [41] - Scanning for api listing references
2018-03-23 13:32:07 org.springframework.scheduling.annotation.ScheduledAnnotationBeanPostProcessor [main] [INFO ] - [267] - No TaskScheduler/ScheduledExecutorService bean found for scheduled processing
2018-03-23 13:32:07 org.apache.coyote.http11.Http11NioProtocol [main] [INFO ] - [179] - Initializing ProtocolHandler ["http-nio-8080"]
2018-03-23 13:32:07 org.apache.coyote.http11.Http11NioProtocol [main] [INFO ] - [179] - Starting ProtocolHandler ["http-nio-8080"]
2018-03-23 13:32:07 org.apache.tomcat.util.net.NioSelectorPool [main] [INFO ] - [179] - Using a shared selector for servlet write/read
2018-03-23 13:32:07 org.springframework.boot.context.embedded.tomcat.TomcatEmbeddedServletContainer [main] [INFO ] - [201] - Tomcat started on port(s): 8080 (http)
2018-03-23 13:32:08 com.qtyd.controller.funds.RunController [main] [INFO ] - [39] - 数据库环境=测试环境
2018-03-23 13:32:08 com.qtyd.FundsProviderApplication [main] [INFO ] - [57] - Started FundsProviderApplication in 5.945 seconds (JVM running for 6.21)
2018-03-23 14:57:51 com.qtyd.FundsProviderApplication [main] [INFO ] - [48] - Starting FundsProviderApplication on 2013-20171127CT with PID 7432 (F:\eclipseCode\qtydv4\qtyd-funds-provider\target\classes started by Administrator in F:\eclipseCode\qtydv4\qtyd-funds-provider)
2018-03-23 14:57:51 com.qtyd.FundsProviderApplication [main] [INFO ] - [597] - The following profiles are active: test
2018-03-23 14:57:51 org.springframework.boot.context.embedded.AnnotationConfigEmbeddedWebApplicationContext [main] [INFO ] - [583] - Refreshing org.springframework.boot.context.embedded.AnnotationConfigEmbeddedWebApplicationContext@20a9562f: startup date [Fri Mar 23 14:57:51 GMT+08:00 2018]; root of context hierarchy
2018-03-23 14:57:51 org.hibernate.validator.internal.util.Version [background-preinit] [INFO ] - [30] - HV000001: Hibernate Validator 5.3.6.Final
2018-03-23 14:57:53 org.springframework.data.repository.config.RepositoryConfigurationDelegate [main] [INFO ] - [165] - Multiple Spring Data modules found, entering strict repository configuration mode!
2018-03-23 14:57:53 org.springframework.boot.context.properties.ConfigurationPropertiesBindingPostProcessor [main] [WARN ] - [269] - Multiple PropertySourcesPlaceholderConfigurer beans registered [propertySourcesPlaceholderConfigurer, placeholderConfigurer], falling back to Environment
2018-03-23 14:57:53 org.springframework.context.support.PostProcessorRegistrationDelegate$BeanPostProcessorChecker [main] [INFO ] - [327] - Bean 'DB' of type [com.qtyd.db.DB$$EnhancerBySpringCGLIB$$8d602ca1] is not eligible for getting processed by all BeanPostProcessors (for example: not eligible for auto-proxying)
2018-03-23 14:57:54 org.springframework.beans.factory.support.DefaultListableBeanFactory [main] [WARN ] - [1524] - Bean creation exception on non-lazy FactoryBean type check: org.springframework.beans.factory.BeanCreationException: Error creating bean with name 'userRewardMapper' defined in file [F:\eclipseCode\qtydv4\qtyd-api\target\classes\com\qtyd\dao\UserRewardMapper.class]: Cannot resolve reference to bean 'sqlSessionFactory' while setting bean property 'sqlSessionFactory'; nested exception is org.springframework.beans.factory.BeanCurrentlyInCreationException: Error creating bean with name 'sqlSessionFactory': Requested bean is currently in creation: Is there an unresolvable circular reference?
2018-03-23 14:57:54 org.springframework.beans.factory.support.DefaultListableBeanFactory [main] [WARN ] - [1524] - Bean creation exception on non-lazy FactoryBean type check: org.springframework.beans.factory.BeanCreationException: Error creating bean with name 'userRewardMapper' defined in file [F:\eclipseCode\qtydv4\qtyd-api\target\classes\com\qtyd\dao\UserRewardMapper.class]: Cannot resolve reference to bean 'sqlSessionFactory' while setting bean property 'sqlSessionFactory'; nested exception is org.springframework.beans.factory.BeanCurrentlyInCreationException: Error creating bean with name 'sqlSessionFactory': Requested bean is currently in creation: Is there an unresolvable circular reference?
2018-03-23 14:57:54 org.springframework.beans.factory.support.DefaultListableBeanFactory [main] [WARN ] - [1524] - Bean creation exception on non-lazy FactoryBean type check: org.springframework.beans.factory.BeanCreationException: Error creating bean with name 'userRewardMapper' defined in file [F:\eclipseCode\qtydv4\qtyd-api\target\classes\com\qtyd\dao\UserRewardMapper.class]: Cannot resolve reference to bean 'sqlSessionFactory' while setting bean property 'sqlSessionFactory'; nested exception is org.springframework.beans.factory.BeanCurrentlyInCreationException: Error creating bean with name 'sqlSessionFactory': Requested bean is currently in creation: Is there an unresolvable circular reference?
2018-03-23 14:57:54 org.springframework.beans.factory.support.DefaultListableBeanFactory [main] [WARN ] - [1524] - Bean creation exception on non-lazy FactoryBean type check: org.springframework.beans.factory.BeanCreationException: Error creating bean with name 'userRewardMapper' defined in file [F:\eclipseCode\qtydv4\qtyd-api\target\classes\com\qtyd\dao\UserRewardMapper.class]: Cannot resolve reference to bean 'sqlSessionFactory' while setting bean property 'sqlSessionFactory'; nested exception is org.springframework.beans.factory.BeanCurrentlyInCreationException: Error creating bean with name 'sqlSessionFactory': Requested bean is currently in creation: Is there an unresolvable circular reference?
2018-03-23 14:57:54 org.springframework.context.support.PostProcessorRegistrationDelegate$BeanPostProcessorChecker [main] [INFO ] - [327] - Bean 'dataSource' of type [org.apache.tomcat.jdbc.pool.DataSource] is not eligible for getting processed by all BeanPostProcessors (for example: not eligible for auto-proxying)
2018-03-23 14:57:54 org.springframework.context.support.PostProcessorRegistrationDelegate$BeanPostProcessorChecker [main] [INFO ] - [327] - Bean 'sqlSessionFactory' of type [org.apache.ibatis.session.defaults.DefaultSqlSessionFactory] is not eligible for getting processed by all BeanPostProcessors (for example: not eligible for auto-proxying)
2018-03-23 14:57:54 org.springframework.context.support.PostProcessorRegistrationDelegate$BeanPostProcessorChecker [main] [INFO ] - [327] - Bean 'userMapper' of type [org.mybatis.spring.mapper.MapperFactoryBean] is not eligible for getting processed by all BeanPostProcessors (for example: not eligible for auto-proxying)
2018-03-23 14:57:54 org.springframework.context.support.PostProcessorRegistrationDelegate$BeanPostProcessorChecker [main] [INFO ] - [327] - Bean 'userRewardMapper' of type [org.mybatis.spring.mapper.MapperFactoryBean] is not eligible for getting processed by all BeanPostProcessors (for example: not eligible for auto-proxying)
2018-03-23 14:57:54 org.springframework.context.support.PostProcessorRegistrationDelegate$BeanPostProcessorChecker [main] [INFO ] - [327] - Bean 'com.qtyd.config.RedisConfig' of type [com.qtyd.config.RedisConfig$$EnhancerBySpringCGLIB$$1c78c3aa] is not eligible for getting processed by all BeanPostProcessors (for example: not eligible for auto-proxying)
2018-03-23 14:57:54 org.springframework.context.support.PostProcessorRegistrationDelegate$BeanPostProcessorChecker [main] [INFO ] - [327] - Bean 'org.springframework.transaction.annotation.ProxyTransactionManagementConfiguration' of type [org.springframework.transaction.annotation.ProxyTransactionManagementConfiguration$$EnhancerBySpringCGLIB$$198767e1] is not eligible for getting processed by all BeanPostProcessors (for example: not eligible for auto-proxying)
2018-03-23 14:57:54 org.springframework.context.support.PostProcessorRegistrationDelegate$BeanPostProcessorChecker [main] [INFO ] - [327] - Bean 'keyGenerator' of type [com.qtyd.config.RedisConfig$1] is not eligible for getting processed by all BeanPostProcessors (for example: not eligible for auto-proxying)
2018-03-23 14:57:54 org.springframework.context.support.PostProcessorRegistrationDelegate$BeanPostProcessorChecker [main] [INFO ] - [327] - Bean 'org.springframework.cache.annotation.ProxyCachingConfiguration' of type [org.springframework.cache.annotation.ProxyCachingConfiguration$$EnhancerBySpringCGLIB$$62999dff] is not eligible for getting processed by all BeanPostProcessors (for example: not eligible for auto-proxying)
2018-03-23 14:57:55 org.springframework.boot.context.embedded.tomcat.TomcatEmbeddedServletContainer [main] [INFO ] - [89] - Tomcat initialized with port(s): 8080 (http)
2018-03-23 14:57:55 org.apache.catalina.core.StandardService [main] [INFO ] - [179] - Starting service [Tomcat]
2018-03-23 14:57:55 org.apache.catalina.core.StandardEngine [main] [INFO ] - [179] - Starting Servlet Engine: Apache Tomcat/8.5.23
2018-03-23 14:57:55 org.apache.catalina.core.ContainerBase.[Tomcat].[localhost].[/] [localhost-startStop-1] [INFO ] - [179] - Initializing Spring embedded WebApplicationContext
2018-03-23 14:57:55 org.springframework.web.context.ContextLoader [localhost-startStop-1] [INFO ] - [276] - Root WebApplicationContext: initialization completed in 4278 ms
2018-03-23 14:57:56 org.springframework.boot.web.servlet.ServletRegistrationBean [localhost-startStop-1] [INFO ] - [190] - Mapping servlet: 'dispatcherServlet' to [/]
2018-03-23 14:57:56 org.springframework.boot.web.servlet.FilterRegistrationBean [localhost-startStop-1] [INFO ] - [258] - Mapping filter: 'characterEncodingFilter' to: [/*]
2018-03-23 14:57:56 org.springframework.boot.web.servlet.FilterRegistrationBean [localhost-startStop-1] [INFO ] - [258] - Mapping filter: 'springSessionRepositoryFilter' to: [/*]
2018-03-23 14:57:56 org.springframework.boot.web.servlet.FilterRegistrationBean [localhost-startStop-1] [INFO ] - [258] - Mapping filter: 'hiddenHttpMethodFilter' to: [/*]
2018-03-23 14:57:56 org.springframework.boot.web.servlet.FilterRegistrationBean [localhost-startStop-1] [INFO ] - [258] - Mapping filter: 'httpPutFormContentFilter' to: [/*]
2018-03-23 14:57:56 org.springframework.boot.web.servlet.FilterRegistrationBean [localhost-startStop-1] [INFO ] - [258] - Mapping filter: 'requestContextFilter' to: [/*]
2018-03-23 14:57:57 org.springframework.web.servlet.mvc.method.annotation.RequestMappingHandlerMapping [main] [INFO ] - [543] - Mapped "{[/file/log_file],methods=[GET]}" onto public java.util.Set<java.lang.String> com.qtyd.controller.funds.FileController.file(java.lang.String,java.lang.String)
2018-03-23 14:57:57 org.springframework.web.servlet.mvc.method.annotation.RequestMappingHandlerMapping [main] [INFO ] - [543] - Mapped "{[/file/download],methods=[GET]}" onto public java.lang.String com.qtyd.controller.funds.FileController.download(javax.servlet.http.HttpServletResponse,java.lang.String) throws java.io.IOException
2018-03-23 14:57:57 org.springframework.web.servlet.mvc.method.annotation.RequestMappingHandlerMapping [main] [INFO ] - [543] - Mapped "{[/funds/funds_user],methods=[POST]}" onto public com.qtyd.model.User com.qtyd.controller.funds.FundsController.fundsUserByUserId(java.lang.Long,javax.servlet.http.HttpSession)
2018-03-23 14:57:57 org.springframework.web.servlet.mvc.method.annotation.RequestMappingHandlerMapping [main] [INFO ] - [543] - Mapped "{[/lottery/two_color],methods=[GET]}" onto public java.lang.String com.qtyd.controller.funds.LotteryController.two_color()
2018-03-23 14:57:57 org.springframework.web.servlet.mvc.method.annotation.RequestMappingHandlerMapping [main] [INFO ] - [543] - Mapped "{[/task/task_0],methods=[POST]}" onto public java.lang.String com.qtyd.controller.funds.ScheduledTaskController.task()
2018-03-23 14:57:57 org.springframework.web.servlet.mvc.method.annotation.RequestMappingHandlerMapping [main] [INFO ] - [543] - Mapped "{[/v2/api-docs],methods=[GET],produces=[application/json || application/hal+json]}" onto public org.springframework.http.ResponseEntity<springfox.documentation.spring.web.json.Json> springfox.documentation.swagger2.web.Swagger2Controller.getDocumentation(java.lang.String,javax.servlet.http.HttpServletRequest)
2018-03-23 14:57:57 org.springframework.web.servlet.mvc.method.annotation.RequestMappingHandlerMapping [main] [INFO ] - [543] - Mapped "{[/swagger-resources/configuration/security]}" onto org.springframework.http.ResponseEntity<springfox.documentation.swagger.web.SecurityConfiguration> springfox.documentation.swagger.web.ApiResourceController.securityConfiguration()
2018-03-23 14:57:57 org.springframework.web.servlet.mvc.method.annotation.RequestMappingHandlerMapping [main] [INFO ] - [543] - Mapped "{[/swagger-resources/configuration/ui]}" onto org.springframework.http.ResponseEntity<springfox.documentation.swagger.web.UiConfiguration> springfox.documentation.swagger.web.ApiResourceController.uiConfiguration()
2018-03-23 14:57:57 org.springframework.web.servlet.mvc.method.annotation.RequestMappingHandlerMapping [main] [INFO ] - [543] - Mapped "{[/swagger-resources]}" onto org.springframework.http.ResponseEntity<java.util.List<springfox.documentation.swagger.web.SwaggerResource>> springfox.documentation.swagger.web.ApiResourceController.swaggerResources()
2018-03-23 14:57:57 org.springframework.web.servlet.mvc.method.annotation.RequestMappingHandlerMapping [main] [INFO ] - [543] - Mapped "{[/error]}" onto public org.springframework.http.ResponseEntity<java.util.Map<java.lang.String, java.lang.Object>> org.springframework.boot.autoconfigure.web.BasicErrorController.error(javax.servlet.http.HttpServletRequest)
2018-03-23 14:57:57 org.springframework.web.servlet.mvc.method.annotation.RequestMappingHandlerMapping [main] [INFO ] - [543] - Mapped "{[/error],produces=[text/html]}" onto public org.springframework.web.servlet.ModelAndView org.springframework.boot.autoconfigure.web.BasicErrorController.errorHtml(javax.servlet.http.HttpServletRequest,javax.servlet.http.HttpServletResponse)
2018-03-23 14:57:58 org.springframework.web.servlet.mvc.method.annotation.RequestMappingHandlerAdapter [main] [INFO ] - [534] - Looking for @ControllerAdvice: org.springframework.boot.context.embedded.AnnotationConfigEmbeddedWebApplicationContext@20a9562f: startup date [Fri Mar 23 14:57:51 GMT+08:00 2018]; root of context hierarchy
2018-03-23 14:57:58 org.springframework.web.servlet.handler.SimpleUrlHandlerMapping [main] [INFO ] - [362] - Mapped URL path [/webjars/**] onto handler of type [class org.springframework.web.servlet.resource.ResourceHttpRequestHandler]
2018-03-23 14:57:58 org.springframework.web.servlet.handler.SimpleUrlHandlerMapping [main] [INFO ] - [362] - Mapped URL path [/**] onto handler of type [class org.springframework.web.servlet.resource.ResourceHttpRequestHandler]
2018-03-23 14:57:58 org.springframework.web.servlet.handler.SimpleUrlHandlerMapping [main] [INFO ] - [362] - Mapped URL path [/**/favicon.ico] onto handler of type [class org.springframework.web.servlet.resource.ResourceHttpRequestHandler]
2018-03-23 14:57:58 org.springframework.jmx.export.annotation.AnnotationMBeanExporter [main] [INFO ] - [431] - Registering beans for JMX exposure on startup
2018-03-23 14:57:58 org.springframework.context.support.DefaultLifecycleProcessor [main] [INFO ] - [343] - Starting beans in phase 2147483647
2018-03-23 14:57:58 springfox.documentation.spring.web.plugins.DocumentationPluginsBootstrapper [main] [INFO ] - [120] - Context refreshed
2018-03-23 14:57:58 springfox.documentation.spring.web.plugins.DocumentationPluginsBootstrapper [main] [INFO ] - [123] - Found 1 custom documentation plugin(s)
2018-03-23 14:57:58 springfox.documentation.spring.web.scanners.ApiListingReferenceScanner [main] [INFO ] - [41] - Scanning for api listing references
2018-03-23 14:57:59 org.springframework.scheduling.annotation.ScheduledAnnotationBeanPostProcessor [main] [INFO ] - [267] - No TaskScheduler/ScheduledExecutorService bean found for scheduled processing
2018-03-23 14:57:59 org.apache.coyote.http11.Http11NioProtocol [main] [INFO ] - [179] - Initializing ProtocolHandler ["http-nio-8080"]
2018-03-23 14:57:59 org.apache.coyote.http11.Http11NioProtocol [main] [INFO ] - [179] - Starting ProtocolHandler ["http-nio-8080"]
2018-03-23 14:57:59 org.apache.tomcat.util.net.NioSelectorPool [main] [INFO ] - [179] - Using a shared selector for servlet write/read
2018-03-23 14:57:59 org.springframework.boot.context.embedded.tomcat.TomcatEmbeddedServletContainer [main] [INFO ] - [201] - Tomcat started on port(s): 8080 (http)
2018-03-23 14:57:59 com.qtyd.controller.funds.RunController [main] [INFO ] - [39] - 数据库环境=测试环境
2018-03-23 14:57:59 com.qtyd.FundsProviderApplication [main] [INFO ] - [57] - Started FundsProviderApplication in 8.6 seconds (JVM running for 9.01)
2018-03-23 14:58:01 org.apache.catalina.core.ContainerBase.[Tomcat].[localhost].[/] [http-nio-8080-exec-1] [INFO ] - [179] - Initializing Spring FrameworkServlet 'dispatcherServlet'
2018-03-23 14:58:01 org.springframework.web.servlet.DispatcherServlet [http-nio-8080-exec-1] [INFO ] - [489] - FrameworkServlet 'dispatcherServlet': initialization started
2018-03-23 14:58:01 org.springframework.web.servlet.DispatcherServlet [http-nio-8080-exec-1] [INFO ] - [508] - FrameworkServlet 'dispatcherServlet': initialization completed in 55 ms
