2018-03-13 11:30:06 com.qtyd.FundsProviderApplication [main] [INFO ] - [48] - Starting FundsProviderApplication on 2013-20171127CT with PID 11544 (F:\eclipseCode\qtydv4\qtyd-funds-provider\target\classes started by Administrator in F:\eclipseCode\qtydv4\qtyd-funds-provider)
2018-03-13 11:30:06 com.qtyd.FundsProviderApplication [main] [INFO ] - [597] - The following profiles are active: prod
2018-03-13 11:30:06 org.springframework.boot.context.embedded.AnnotationConfigEmbeddedWebApplicationContext [main] [INFO ] - [583] - Refreshing org.springframework.boot.context.embedded.AnnotationConfigEmbeddedWebApplicationContext@7e3d2c31: startup date [Tue Mar 13 11:30:06 GMT+08:00 2018]; root of context hierarchy
2018-03-13 11:30:07 org.hibernate.validator.internal.util.Version [background-preinit] [INFO ] - [30] - HV000001: Hibernate Validator 5.3.6.Final
2018-03-13 11:30:09 org.springframework.data.repository.config.RepositoryConfigurationDelegate [main] [INFO ] - [165] - Multiple Spring Data modules found, entering strict repository configuration mode!
2018-03-13 11:30:09 org.springframework.boot.context.properties.ConfigurationPropertiesBindingPostProcessor [main] [WARN ] - [269] - Multiple PropertySourcesPlaceholderConfigurer beans registered [propertySourcesPlaceholderConfigurer, placeholderConfigurer], falling back to Environment
2018-03-13 11:30:10 org.springframework.context.support.PostProcessorRegistrationDelegate$BeanPostProcessorChecker [main] [INFO ] - [327] - Bean 'DB' of type [com.qtyd.db.DB$$EnhancerBySpringCGLIB$$a4d81f5d] is not eligible for getting processed by all BeanPostProcessors (for example: not eligible for auto-proxying)
2018-03-13 11:30:10 org.springframework.context.support.PostProcessorRegistrationDelegate$BeanPostProcessorChecker [main] [INFO ] - [327] - Bean 'dataSource' of type [org.apache.tomcat.jdbc.pool.DataSource] is not eligible for getting processed by all BeanPostProcessors (for example: not eligible for auto-proxying)
2018-03-13 11:30:10 org.springframework.context.support.PostProcessorRegistrationDelegate$BeanPostProcessorChecker [main] [INFO ] - [327] - Bean 'sqlSessionFactory' of type [org.apache.ibatis.session.defaults.DefaultSqlSessionFactory] is not eligible for getting processed by all BeanPostProcessors (for example: not eligible for auto-proxying)
2018-03-13 11:30:10 org.springframework.context.support.PostProcessorRegistrationDelegate$BeanPostProcessorChecker [main] [INFO ] - [327] - Bean 'userMapper' of type [org.mybatis.spring.mapper.MapperFactoryBean] is not eligible for getting processed by all BeanPostProcessors (for example: not eligible for auto-proxying)
2018-03-13 11:30:10 org.springframework.context.support.PostProcessorRegistrationDelegate$BeanPostProcessorChecker [main] [INFO ] - [327] - Bean 'com.qtyd.config.RedisConfig' of type [com.qtyd.config.RedisConfig$$EnhancerBySpringCGLIB$$33f0b666] is not eligible for getting processed by all BeanPostProcessors (for example: not eligible for auto-proxying)
2018-03-13 11:30:10 org.springframework.context.support.PostProcessorRegistrationDelegate$BeanPostProcessorChecker [main] [INFO ] - [327] - Bean 'org.springframework.transaction.annotation.ProxyTransactionManagementConfiguration' of type [org.springframework.transaction.annotation.ProxyTransactionManagementConfiguration$$EnhancerBySpringCGLIB$$30ff5a9d] is not eligible for getting processed by all BeanPostProcessors (for example: not eligible for auto-proxying)
2018-03-13 11:30:11 org.springframework.context.support.PostProcessorRegistrationDelegate$BeanPostProcessorChecker [main] [INFO ] - [327] - Bean 'keyGenerator' of type [com.qtyd.config.RedisConfig$1] is not eligible for getting processed by all BeanPostProcessors (for example: not eligible for auto-proxying)
2018-03-13 11:30:11 org.springframework.context.support.PostProcessorRegistrationDelegate$BeanPostProcessorChecker [main] [INFO ] - [327] - Bean 'org.springframework.cache.annotation.ProxyCachingConfiguration' of type [org.springframework.cache.annotation.ProxyCachingConfiguration$$EnhancerBySpringCGLIB$$7a1190bb] is not eligible for getting processed by all BeanPostProcessors (for example: not eligible for auto-proxying)
2018-03-13 11:30:11 org.springframework.boot.context.embedded.tomcat.TomcatEmbeddedServletContainer [main] [INFO ] - [89] - Tomcat initialized with port(s): 8080 (http)
2018-03-13 11:30:11 org.apache.catalina.core.StandardService [main] [INFO ] - [179] - Starting service [Tomcat]
2018-03-13 11:30:11 org.apache.catalina.core.StandardEngine [main] [INFO ] - [179] - Starting Servlet Engine: Apache Tomcat/8.5.23
2018-03-13 11:30:12 org.apache.catalina.core.ContainerBase.[Tomcat].[localhost].[/] [localhost-startStop-1] [INFO ] - [179] - Initializing Spring embedded WebApplicationContext
2018-03-13 11:30:12 org.springframework.web.context.ContextLoader [localhost-startStop-1] [INFO ] - [276] - Root WebApplicationContext: initialization completed in 5520 ms
2018-03-13 11:30:12 org.springframework.boot.web.servlet.ServletRegistrationBean [localhost-startStop-1] [INFO ] - [190] - Mapping servlet: 'dispatcherServlet' to [/]
2018-03-13 11:30:12 org.springframework.boot.web.servlet.FilterRegistrationBean [localhost-startStop-1] [INFO ] - [258] - Mapping filter: 'characterEncodingFilter' to: [/*]
2018-03-13 11:30:12 org.springframework.boot.web.servlet.FilterRegistrationBean [localhost-startStop-1] [INFO ] - [258] - Mapping filter: 'springSessionRepositoryFilter' to: [/*]
2018-03-13 11:30:12 org.springframework.boot.web.servlet.FilterRegistrationBean [localhost-startStop-1] [INFO ] - [258] - Mapping filter: 'hiddenHttpMethodFilter' to: [/*]
2018-03-13 11:30:12 org.springframework.boot.web.servlet.FilterRegistrationBean [localhost-startStop-1] [INFO ] - [258] - Mapping filter: 'httpPutFormContentFilter' to: [/*]
2018-03-13 11:30:12 org.springframework.boot.web.servlet.FilterRegistrationBean [localhost-startStop-1] [INFO ] - [258] - Mapping filter: 'requestContextFilter' to: [/*]
2018-03-13 11:30:13 org.springframework.web.servlet.mvc.method.annotation.RequestMappingHandlerMapping [main] [INFO ] - [543] - Mapped "{[/file/log_file],methods=[GET]}" onto public java.util.Set<java.lang.String> com.qtyd.controller.funds.FileController.file(java.lang.String,java.lang.String)
2018-03-13 11:30:13 org.springframework.web.servlet.mvc.method.annotation.RequestMappingHandlerMapping [main] [INFO ] - [543] - Mapped "{[/file/download],methods=[GET]}" onto public java.lang.String com.qtyd.controller.funds.FileController.download(javax.servlet.http.HttpServletResponse,java.lang.String) throws java.io.IOException
2018-03-13 11:30:13 org.springframework.web.servlet.mvc.method.annotation.RequestMappingHandlerMapping [main] [INFO ] - [543] - Mapped "{[/funds/funds_user],methods=[POST]}" onto public com.qtyd.model.User com.qtyd.controller.funds.FundsController.fundsUserByUserId(java.lang.Long)
2018-03-13 11:30:13 org.springframework.web.servlet.mvc.method.annotation.RequestMappingHandlerMapping [main] [INFO ] - [543] - Mapped "{[/lottery/two_color],methods=[GET]}" onto public java.lang.String com.qtyd.controller.funds.LotteryController.two_color()
2018-03-13 11:30:13 org.springframework.web.servlet.mvc.method.annotation.RequestMappingHandlerMapping [main] [INFO ] - [543] - Mapped "{[/v2/api-docs],methods=[GET],produces=[application/json || application/hal+json]}" onto public org.springframework.http.ResponseEntity<springfox.documentation.spring.web.json.Json> springfox.documentation.swagger2.web.Swagger2Controller.getDocumentation(java.lang.String,javax.servlet.http.HttpServletRequest)
2018-03-13 11:30:13 org.springframework.web.servlet.mvc.method.annotation.RequestMappingHandlerMapping [main] [INFO ] - [543] - Mapped "{[/swagger-resources/configuration/security]}" onto org.springframework.http.ResponseEntity<springfox.documentation.swagger.web.SecurityConfiguration> springfox.documentation.swagger.web.ApiResourceController.securityConfiguration()
2018-03-13 11:30:13 org.springframework.web.servlet.mvc.method.annotation.RequestMappingHandlerMapping [main] [INFO ] - [543] - Mapped "{[/swagger-resources/configuration/ui]}" onto org.springframework.http.ResponseEntity<springfox.documentation.swagger.web.UiConfiguration> springfox.documentation.swagger.web.ApiResourceController.uiConfiguration()
2018-03-13 11:30:13 org.springframework.web.servlet.mvc.method.annotation.RequestMappingHandlerMapping [main] [INFO ] - [543] - Mapped "{[/swagger-resources]}" onto org.springframework.http.ResponseEntity<java.util.List<springfox.documentation.swagger.web.SwaggerResource>> springfox.documentation.swagger.web.ApiResourceController.swaggerResources()
2018-03-13 11:30:13 org.springframework.web.servlet.mvc.method.annotation.RequestMappingHandlerMapping [main] [INFO ] - [543] - Mapped "{[/error]}" onto public org.springframework.http.ResponseEntity<java.util.Map<java.lang.String, java.lang.Object>> org.springframework.boot.autoconfigure.web.BasicErrorController.error(javax.servlet.http.HttpServletRequest)
2018-03-13 11:30:13 org.springframework.web.servlet.mvc.method.annotation.RequestMappingHandlerMapping [main] [INFO ] - [543] - Mapped "{[/error],produces=[text/html]}" onto public org.springframework.web.servlet.ModelAndView org.springframework.boot.autoconfigure.web.BasicErrorController.errorHtml(javax.servlet.http.HttpServletRequest,javax.servlet.http.HttpServletResponse)
2018-03-13 11:30:16 org.springframework.boot.context.embedded.AnnotationConfigEmbeddedWebApplicationContext [main] [WARN ] - [551] - Exception encountered during context initialization - cancelling refresh attempt: org.springframework.beans.factory.BeanCreationException: Error creating bean with name 'enableRedisKeyspaceNotificationsInitializer' defined in org.springframework.session.data.redis.config.annotation.web.http.RedisHttpSessionConfiguration: Invocation of init method failed; nested exception is org.springframework.data.redis.RedisConnectionFailureException: Cannot get Jedis connection; nested exception is redis.clients.jedis.exceptions.JedisConnectionException: Could not get a resource from the pool
2018-03-13 11:30:16 org.apache.catalina.core.StandardService [main] [INFO ] - [179] - Stopping service [Tomcat]
2018-03-13 11:30:16 org.springframework.boot.autoconfigure.logging.AutoConfigurationReportLoggingInitializer [main] [INFO ] - [101] - 

Error starting ApplicationContext. To display the auto-configuration report re-run your application with 'debug' enabled.
2018-03-13 11:31:13 com.qtyd.FundsProviderApplication [main] [INFO ] - [48] - Starting FundsProviderApplication on 2013-20171127CT with PID 10532 (F:\eclipseCode\qtydv4\qtyd-funds-provider\target\classes started by Administrator in F:\eclipseCode\qtydv4\qtyd-funds-provider)
2018-03-13 11:31:13 com.qtyd.FundsProviderApplication [main] [INFO ] - [597] - The following profiles are active: prod
2018-03-13 11:31:13 org.springframework.boot.context.embedded.AnnotationConfigEmbeddedWebApplicationContext [main] [INFO ] - [583] - Refreshing org.springframework.boot.context.embedded.AnnotationConfigEmbeddedWebApplicationContext@112b1cec: startup date [Tue Mar 13 11:31:13 GMT+08:00 2018]; root of context hierarchy
2018-03-13 11:31:14 org.hibernate.validator.internal.util.Version [background-preinit] [INFO ] - [30] - HV000001: Hibernate Validator 5.3.6.Final
2018-03-13 11:31:14 org.springframework.data.repository.config.RepositoryConfigurationDelegate [main] [INFO ] - [165] - Multiple Spring Data modules found, entering strict repository configuration mode!
2018-03-13 11:31:15 org.springframework.boot.context.properties.ConfigurationPropertiesBindingPostProcessor [main] [WARN ] - [269] - Multiple PropertySourcesPlaceholderConfigurer beans registered [propertySourcesPlaceholderConfigurer, placeholderConfigurer], falling back to Environment
2018-03-13 11:31:15 org.springframework.context.support.PostProcessorRegistrationDelegate$BeanPostProcessorChecker [main] [INFO ] - [327] - Bean 'DB' of type [com.qtyd.db.DB$$EnhancerBySpringCGLIB$$968a7d6a] is not eligible for getting processed by all BeanPostProcessors (for example: not eligible for auto-proxying)
2018-03-13 11:31:15 org.springframework.context.support.PostProcessorRegistrationDelegate$BeanPostProcessorChecker [main] [INFO ] - [327] - Bean 'dataSource' of type [org.apache.tomcat.jdbc.pool.DataSource] is not eligible for getting processed by all BeanPostProcessors (for example: not eligible for auto-proxying)
2018-03-13 11:31:15 org.springframework.context.support.PostProcessorRegistrationDelegate$BeanPostProcessorChecker [main] [INFO ] - [327] - Bean 'sqlSessionFactory' of type [org.apache.ibatis.session.defaults.DefaultSqlSessionFactory] is not eligible for getting processed by all BeanPostProcessors (for example: not eligible for auto-proxying)
2018-03-13 11:31:15 org.springframework.context.support.PostProcessorRegistrationDelegate$BeanPostProcessorChecker [main] [INFO ] - [327] - Bean 'userMapper' of type [org.mybatis.spring.mapper.MapperFactoryBean] is not eligible for getting processed by all BeanPostProcessors (for example: not eligible for auto-proxying)
2018-03-13 11:31:15 org.springframework.context.support.PostProcessorRegistrationDelegate$BeanPostProcessorChecker [main] [INFO ] - [327] - Bean 'com.qtyd.config.RedisConfig' of type [com.qtyd.config.RedisConfig$$EnhancerBySpringCGLIB$$25a31473] is not eligible for getting processed by all BeanPostProcessors (for example: not eligible for auto-proxying)
2018-03-13 11:31:15 org.springframework.context.support.PostProcessorRegistrationDelegate$BeanPostProcessorChecker [main] [INFO ] - [327] - Bean 'org.springframework.transaction.annotation.ProxyTransactionManagementConfiguration' of type [org.springframework.transaction.annotation.ProxyTransactionManagementConfiguration$$EnhancerBySpringCGLIB$$22b1b8aa] is not eligible for getting processed by all BeanPostProcessors (for example: not eligible for auto-proxying)
2018-03-13 11:31:15 org.springframework.context.support.PostProcessorRegistrationDelegate$BeanPostProcessorChecker [main] [INFO ] - [327] - Bean 'keyGenerator' of type [com.qtyd.config.RedisConfig$1] is not eligible for getting processed by all BeanPostProcessors (for example: not eligible for auto-proxying)
2018-03-13 11:31:15 org.springframework.context.support.PostProcessorRegistrationDelegate$BeanPostProcessorChecker [main] [INFO ] - [327] - Bean 'org.springframework.cache.annotation.ProxyCachingConfiguration' of type [org.springframework.cache.annotation.ProxyCachingConfiguration$$EnhancerBySpringCGLIB$$6bc3eec8] is not eligible for getting processed by all BeanPostProcessors (for example: not eligible for auto-proxying)
2018-03-13 11:31:16 org.springframework.boot.context.embedded.tomcat.TomcatEmbeddedServletContainer [main] [INFO ] - [89] - Tomcat initialized with port(s): 8080 (http)
2018-03-13 11:31:16 org.apache.catalina.core.StandardService [main] [INFO ] - [179] - Starting service [Tomcat]
2018-03-13 11:31:16 org.apache.catalina.core.StandardEngine [main] [INFO ] - [179] - Starting Servlet Engine: Apache Tomcat/8.5.23
2018-03-13 11:31:16 org.apache.catalina.core.ContainerBase.[Tomcat].[localhost].[/] [localhost-startStop-1] [INFO ] - [179] - Initializing Spring embedded WebApplicationContext
2018-03-13 11:31:16 org.springframework.web.context.ContextLoader [localhost-startStop-1] [INFO ] - [276] - Root WebApplicationContext: initialization completed in 2601 ms
2018-03-13 11:31:16 org.springframework.boot.web.servlet.ServletRegistrationBean [localhost-startStop-1] [INFO ] - [190] - Mapping servlet: 'dispatcherServlet' to [/]
2018-03-13 11:31:16 org.springframework.boot.web.servlet.FilterRegistrationBean [localhost-startStop-1] [INFO ] - [258] - Mapping filter: 'characterEncodingFilter' to: [/*]
2018-03-13 11:31:16 org.springframework.boot.web.servlet.FilterRegistrationBean [localhost-startStop-1] [INFO ] - [258] - Mapping filter: 'springSessionRepositoryFilter' to: [/*]
2018-03-13 11:31:16 org.springframework.boot.web.servlet.FilterRegistrationBean [localhost-startStop-1] [INFO ] - [258] - Mapping filter: 'hiddenHttpMethodFilter' to: [/*]
2018-03-13 11:31:16 org.springframework.boot.web.servlet.FilterRegistrationBean [localhost-startStop-1] [INFO ] - [258] - Mapping filter: 'httpPutFormContentFilter' to: [/*]
2018-03-13 11:31:16 org.springframework.boot.web.servlet.FilterRegistrationBean [localhost-startStop-1] [INFO ] - [258] - Mapping filter: 'requestContextFilter' to: [/*]
2018-03-13 11:31:17 org.springframework.web.servlet.mvc.method.annotation.RequestMappingHandlerMapping [main] [INFO ] - [543] - Mapped "{[/file/log_file],methods=[GET]}" onto public java.util.Set<java.lang.String> com.qtyd.controller.funds.FileController.file(java.lang.String,java.lang.String)
2018-03-13 11:31:17 org.springframework.web.servlet.mvc.method.annotation.RequestMappingHandlerMapping [main] [INFO ] - [543] - Mapped "{[/file/download],methods=[GET]}" onto public java.lang.String com.qtyd.controller.funds.FileController.download(javax.servlet.http.HttpServletResponse,java.lang.String) throws java.io.IOException
2018-03-13 11:31:17 org.springframework.web.servlet.mvc.method.annotation.RequestMappingHandlerMapping [main] [INFO ] - [543] - Mapped "{[/funds/funds_user],methods=[POST]}" onto public com.qtyd.model.User com.qtyd.controller.funds.FundsController.fundsUserByUserId(java.lang.Long)
2018-03-13 11:31:17 org.springframework.web.servlet.mvc.method.annotation.RequestMappingHandlerMapping [main] [INFO ] - [543] - Mapped "{[/lottery/two_color],methods=[GET]}" onto public java.lang.String com.qtyd.controller.funds.LotteryController.two_color()
2018-03-13 11:31:17 org.springframework.web.servlet.mvc.method.annotation.RequestMappingHandlerMapping [main] [INFO ] - [543] - Mapped "{[/v2/api-docs],methods=[GET],produces=[application/json || application/hal+json]}" onto public org.springframework.http.ResponseEntity<springfox.documentation.spring.web.json.Json> springfox.documentation.swagger2.web.Swagger2Controller.getDocumentation(java.lang.String,javax.servlet.http.HttpServletRequest)
2018-03-13 11:31:17 org.springframework.web.servlet.mvc.method.annotation.RequestMappingHandlerMapping [main] [INFO ] - [543] - Mapped "{[/swagger-resources/configuration/security]}" onto org.springframework.http.ResponseEntity<springfox.documentation.swagger.web.SecurityConfiguration> springfox.documentation.swagger.web.ApiResourceController.securityConfiguration()
2018-03-13 11:31:17 org.springframework.web.servlet.mvc.method.annotation.RequestMappingHandlerMapping [main] [INFO ] - [543] - Mapped "{[/swagger-resources/configuration/ui]}" onto org.springframework.http.ResponseEntity<springfox.documentation.swagger.web.UiConfiguration> springfox.documentation.swagger.web.ApiResourceController.uiConfiguration()
2018-03-13 11:31:17 org.springframework.web.servlet.mvc.method.annotation.RequestMappingHandlerMapping [main] [INFO ] - [543] - Mapped "{[/swagger-resources]}" onto org.springframework.http.ResponseEntity<java.util.List<springfox.documentation.swagger.web.SwaggerResource>> springfox.documentation.swagger.web.ApiResourceController.swaggerResources()
2018-03-13 11:31:17 org.springframework.web.servlet.mvc.method.annotation.RequestMappingHandlerMapping [main] [INFO ] - [543] - Mapped "{[/error]}" onto public org.springframework.http.ResponseEntity<java.util.Map<java.lang.String, java.lang.Object>> org.springframework.boot.autoconfigure.web.BasicErrorController.error(javax.servlet.http.HttpServletRequest)
2018-03-13 11:31:17 org.springframework.web.servlet.mvc.method.annotation.RequestMappingHandlerMapping [main] [INFO ] - [543] - Mapped "{[/error],produces=[text/html]}" onto public org.springframework.web.servlet.ModelAndView org.springframework.boot.autoconfigure.web.BasicErrorController.errorHtml(javax.servlet.http.HttpServletRequest,javax.servlet.http.HttpServletResponse)
2018-03-13 11:31:18 org.springframework.web.servlet.mvc.method.annotation.RequestMappingHandlerAdapter [main] [INFO ] - [534] - Looking for @ControllerAdvice: org.springframework.boot.context.embedded.AnnotationConfigEmbeddedWebApplicationContext@112b1cec: startup date [Tue Mar 13 11:31:13 GMT+08:00 2018]; root of context hierarchy
2018-03-13 11:31:18 org.springframework.web.servlet.handler.SimpleUrlHandlerMapping [main] [INFO ] - [362] - Mapped URL path [/webjars/**] onto handler of type [class org.springframework.web.servlet.resource.ResourceHttpRequestHandler]
2018-03-13 11:31:18 org.springframework.web.servlet.handler.SimpleUrlHandlerMapping [main] [INFO ] - [362] - Mapped URL path [/**] onto handler of type [class org.springframework.web.servlet.resource.ResourceHttpRequestHandler]
2018-03-13 11:31:18 org.springframework.web.servlet.handler.SimpleUrlHandlerMapping [main] [INFO ] - [362] - Mapped URL path [/**/favicon.ico] onto handler of type [class org.springframework.web.servlet.resource.ResourceHttpRequestHandler]
2018-03-13 11:31:18 org.springframework.jmx.export.annotation.AnnotationMBeanExporter [main] [INFO ] - [431] - Registering beans for JMX exposure on startup
2018-03-13 11:31:18 org.springframework.context.support.DefaultLifecycleProcessor [main] [INFO ] - [343] - Starting beans in phase 2147483647
2018-03-13 11:31:18 springfox.documentation.spring.web.plugins.DocumentationPluginsBootstrapper [main] [INFO ] - [120] - Context refreshed
2018-03-13 11:31:18 springfox.documentation.spring.web.plugins.DocumentationPluginsBootstrapper [main] [INFO ] - [123] - Found 1 custom documentation plugin(s)
2018-03-13 11:31:18 springfox.documentation.spring.web.scanners.ApiListingReferenceScanner [main] [INFO ] - [41] - Scanning for api listing references
2018-03-13 11:31:19 org.springframework.scheduling.annotation.ScheduledAnnotationBeanPostProcessor [main] [INFO ] - [267] - No TaskScheduler/ScheduledExecutorService bean found for scheduled processing
2018-03-13 11:31:19 org.apache.coyote.http11.Http11NioProtocol [main] [INFO ] - [179] - Initializing ProtocolHandler ["http-nio-8080"]
2018-03-13 11:31:19 org.apache.coyote.http11.Http11NioProtocol [main] [INFO ] - [179] - Starting ProtocolHandler ["http-nio-8080"]
2018-03-13 11:31:19 org.apache.tomcat.util.net.NioSelectorPool [main] [INFO ] - [179] - Using a shared selector for servlet write/read
2018-03-13 11:31:19 org.springframework.boot.context.embedded.tomcat.TomcatEmbeddedServletContainer [main] [INFO ] - [201] - Tomcat started on port(s): 8080 (http)
2018-03-13 11:31:19 com.qtyd.controller.funds.RunController [main] [INFO ] - [44] - 数据库环境=正式环境
2018-03-13 11:31:19 com.qtyd.FundsProviderApplication [main] [INFO ] - [57] - Started FundsProviderApplication in 6.041 seconds (JVM running for 6.334)
2018-03-13 11:35:10 com.qtyd.FundsProviderApplication [main] [INFO ] - [48] - Starting FundsProviderApplication on 2013-20171127CT with PID 12572 (F:\eclipseCode\qtydv4\qtyd-funds-provider\target\classes started by Administrator in F:\eclipseCode\qtydv4\qtyd-funds-provider)
2018-03-13 11:35:10 com.qtyd.FundsProviderApplication [main] [INFO ] - [597] - The following profiles are active: prod
2018-03-13 11:35:10 org.springframework.boot.context.embedded.AnnotationConfigEmbeddedWebApplicationContext [main] [INFO ] - [583] - Refreshing org.springframework.boot.context.embedded.AnnotationConfigEmbeddedWebApplicationContext@4fd4cb2f: startup date [Tue Mar 13 11:35:10 GMT+08:00 2018]; root of context hierarchy
2018-03-13 11:35:10 org.hibernate.validator.internal.util.Version [background-preinit] [INFO ] - [30] - HV000001: Hibernate Validator 5.3.6.Final
2018-03-13 11:35:11 org.springframework.data.repository.config.RepositoryConfigurationDelegate [main] [INFO ] - [165] - Multiple Spring Data modules found, entering strict repository configuration mode!
2018-03-13 11:35:11 org.springframework.boot.context.properties.ConfigurationPropertiesBindingPostProcessor [main] [WARN ] - [269] - Multiple PropertySourcesPlaceholderConfigurer beans registered [propertySourcesPlaceholderConfigurer, placeholderConfigurer], falling back to Environment
2018-03-13 11:35:11 org.springframework.context.support.PostProcessorRegistrationDelegate$BeanPostProcessorChecker [main] [INFO ] - [327] - Bean 'DB' of type [com.qtyd.db.DB$$EnhancerBySpringCGLIB$$31ca2fc6] is not eligible for getting processed by all BeanPostProcessors (for example: not eligible for auto-proxying)
2018-03-13 11:35:11 org.springframework.context.support.PostProcessorRegistrationDelegate$BeanPostProcessorChecker [main] [INFO ] - [327] - Bean 'dataSource' of type [org.apache.tomcat.jdbc.pool.DataSource] is not eligible for getting processed by all BeanPostProcessors (for example: not eligible for auto-proxying)
2018-03-13 11:35:12 org.springframework.context.support.PostProcessorRegistrationDelegate$BeanPostProcessorChecker [main] [INFO ] - [327] - Bean 'sqlSessionFactory' of type [org.apache.ibatis.session.defaults.DefaultSqlSessionFactory] is not eligible for getting processed by all BeanPostProcessors (for example: not eligible for auto-proxying)
2018-03-13 11:35:12 org.springframework.context.support.PostProcessorRegistrationDelegate$BeanPostProcessorChecker [main] [INFO ] - [327] - Bean 'userMapper' of type [org.mybatis.spring.mapper.MapperFactoryBean] is not eligible for getting processed by all BeanPostProcessors (for example: not eligible for auto-proxying)
2018-03-13 11:35:12 org.springframework.context.support.PostProcessorRegistrationDelegate$BeanPostProcessorChecker [main] [INFO ] - [327] - Bean 'com.qtyd.config.RedisConfig' of type [com.qtyd.config.RedisConfig$$EnhancerBySpringCGLIB$$c0e2c6cf] is not eligible for getting processed by all BeanPostProcessors (for example: not eligible for auto-proxying)
2018-03-13 11:35:12 org.springframework.context.support.PostProcessorRegistrationDelegate$BeanPostProcessorChecker [main] [INFO ] - [327] - Bean 'org.springframework.transaction.annotation.ProxyTransactionManagementConfiguration' of type [org.springframework.transaction.annotation.ProxyTransactionManagementConfiguration$$EnhancerBySpringCGLIB$$bdf16b06] is not eligible for getting processed by all BeanPostProcessors (for example: not eligible for auto-proxying)
2018-03-13 11:35:12 org.springframework.context.support.PostProcessorRegistrationDelegate$BeanPostProcessorChecker [main] [INFO ] - [327] - Bean 'keyGenerator' of type [com.qtyd.config.RedisConfig$1] is not eligible for getting processed by all BeanPostProcessors (for example: not eligible for auto-proxying)
2018-03-13 11:35:12 org.springframework.context.support.PostProcessorRegistrationDelegate$BeanPostProcessorChecker [main] [INFO ] - [327] - Bean 'org.springframework.cache.annotation.ProxyCachingConfiguration' of type [org.springframework.cache.annotation.ProxyCachingConfiguration$$EnhancerBySpringCGLIB$$703a124] is not eligible for getting processed by all BeanPostProcessors (for example: not eligible for auto-proxying)
2018-03-13 11:35:12 org.springframework.boot.context.embedded.tomcat.TomcatEmbeddedServletContainer [main] [INFO ] - [89] - Tomcat initialized with port(s): 8080 (http)
2018-03-13 11:35:12 org.apache.catalina.core.StandardService [main] [INFO ] - [179] - Starting service [Tomcat]
2018-03-13 11:35:12 org.apache.catalina.core.StandardEngine [main] [INFO ] - [179] - Starting Servlet Engine: Apache Tomcat/8.5.23
2018-03-13 11:35:12 org.apache.catalina.core.ContainerBase.[Tomcat].[localhost].[/] [localhost-startStop-1] [INFO ] - [179] - Initializing Spring embedded WebApplicationContext
2018-03-13 11:35:12 org.springframework.web.context.ContextLoader [localhost-startStop-1] [INFO ] - [276] - Root WebApplicationContext: initialization completed in 2607 ms
2018-03-13 11:35:13 org.springframework.boot.web.servlet.ServletRegistrationBean [localhost-startStop-1] [INFO ] - [190] - Mapping servlet: 'dispatcherServlet' to [/]
2018-03-13 11:35:13 org.springframework.boot.web.servlet.FilterRegistrationBean [localhost-startStop-1] [INFO ] - [258] - Mapping filter: 'characterEncodingFilter' to: [/*]
2018-03-13 11:35:13 org.springframework.boot.web.servlet.FilterRegistrationBean [localhost-startStop-1] [INFO ] - [258] - Mapping filter: 'springSessionRepositoryFilter' to: [/*]
2018-03-13 11:35:13 org.springframework.boot.web.servlet.FilterRegistrationBean [localhost-startStop-1] [INFO ] - [258] - Mapping filter: 'hiddenHttpMethodFilter' to: [/*]
2018-03-13 11:35:13 org.springframework.boot.web.servlet.FilterRegistrationBean [localhost-startStop-1] [INFO ] - [258] - Mapping filter: 'httpPutFormContentFilter' to: [/*]
2018-03-13 11:35:13 org.springframework.boot.web.servlet.FilterRegistrationBean [localhost-startStop-1] [INFO ] - [258] - Mapping filter: 'requestContextFilter' to: [/*]
2018-03-13 11:35:13 org.springframework.web.servlet.mvc.method.annotation.RequestMappingHandlerMapping [main] [INFO ] - [543] - Mapped "{[/file/log_file],methods=[GET]}" onto public java.util.Set<java.lang.String> com.qtyd.controller.funds.FileController.file(java.lang.String,java.lang.String)
2018-03-13 11:35:13 org.springframework.web.servlet.mvc.method.annotation.RequestMappingHandlerMapping [main] [INFO ] - [543] - Mapped "{[/file/download],methods=[GET]}" onto public java.lang.String com.qtyd.controller.funds.FileController.download(javax.servlet.http.HttpServletResponse,java.lang.String) throws java.io.IOException
2018-03-13 11:35:13 org.springframework.web.servlet.mvc.method.annotation.RequestMappingHandlerMapping [main] [INFO ] - [543] - Mapped "{[/funds/funds_user],methods=[POST]}" onto public com.qtyd.model.User com.qtyd.controller.funds.FundsController.fundsUserByUserId(java.lang.Long,javax.servlet.http.HttpSession)
2018-03-13 11:35:13 org.springframework.web.servlet.mvc.method.annotation.RequestMappingHandlerMapping [main] [INFO ] - [543] - Mapped "{[/lottery/two_color],methods=[GET]}" onto public java.lang.String com.qtyd.controller.funds.LotteryController.two_color()
2018-03-13 11:35:13 org.springframework.web.servlet.mvc.method.annotation.RequestMappingHandlerMapping [main] [INFO ] - [543] - Mapped "{[/v2/api-docs],methods=[GET],produces=[application/json || application/hal+json]}" onto public org.springframework.http.ResponseEntity<springfox.documentation.spring.web.json.Json> springfox.documentation.swagger2.web.Swagger2Controller.getDocumentation(java.lang.String,javax.servlet.http.HttpServletRequest)
2018-03-13 11:35:13 org.springframework.web.servlet.mvc.method.annotation.RequestMappingHandlerMapping [main] [INFO ] - [543] - Mapped "{[/swagger-resources/configuration/security]}" onto org.springframework.http.ResponseEntity<springfox.documentation.swagger.web.SecurityConfiguration> springfox.documentation.swagger.web.ApiResourceController.securityConfiguration()
2018-03-13 11:35:13 org.springframework.web.servlet.mvc.method.annotation.RequestMappingHandlerMapping [main] [INFO ] - [543] - Mapped "{[/swagger-resources/configuration/ui]}" onto org.springframework.http.ResponseEntity<springfox.documentation.swagger.web.UiConfiguration> springfox.documentation.swagger.web.ApiResourceController.uiConfiguration()
2018-03-13 11:35:13 org.springframework.web.servlet.mvc.method.annotation.RequestMappingHandlerMapping [main] [INFO ] - [543] - Mapped "{[/swagger-resources]}" onto org.springframework.http.ResponseEntity<java.util.List<springfox.documentation.swagger.web.SwaggerResource>> springfox.documentation.swagger.web.ApiResourceController.swaggerResources()
2018-03-13 11:35:13 org.springframework.web.servlet.mvc.method.annotation.RequestMappingHandlerMapping [main] [INFO ] - [543] - Mapped "{[/error]}" onto public org.springframework.http.ResponseEntity<java.util.Map<java.lang.String, java.lang.Object>> org.springframework.boot.autoconfigure.web.BasicErrorController.error(javax.servlet.http.HttpServletRequest)
2018-03-13 11:35:13 org.springframework.web.servlet.mvc.method.annotation.RequestMappingHandlerMapping [main] [INFO ] - [543] - Mapped "{[/error],produces=[text/html]}" onto public org.springframework.web.servlet.ModelAndView org.springframework.boot.autoconfigure.web.BasicErrorController.errorHtml(javax.servlet.http.HttpServletRequest,javax.servlet.http.HttpServletResponse)
2018-03-13 11:35:14 org.springframework.web.servlet.mvc.method.annotation.RequestMappingHandlerAdapter [main] [INFO ] - [534] - Looking for @ControllerAdvice: org.springframework.boot.context.embedded.AnnotationConfigEmbeddedWebApplicationContext@4fd4cb2f: startup date [Tue Mar 13 11:35:10 GMT+08:00 2018]; root of context hierarchy
2018-03-13 11:35:14 org.springframework.web.servlet.handler.SimpleUrlHandlerMapping [main] [INFO ] - [362] - Mapped URL path [/webjars/**] onto handler of type [class org.springframework.web.servlet.resource.ResourceHttpRequestHandler]
2018-03-13 11:35:14 org.springframework.web.servlet.handler.SimpleUrlHandlerMapping [main] [INFO ] - [362] - Mapped URL path [/**] onto handler of type [class org.springframework.web.servlet.resource.ResourceHttpRequestHandler]
2018-03-13 11:35:14 org.springframework.web.servlet.handler.SimpleUrlHandlerMapping [main] [INFO ] - [362] - Mapped URL path [/**/favicon.ico] onto handler of type [class org.springframework.web.servlet.resource.ResourceHttpRequestHandler]
2018-03-13 11:35:15 org.springframework.jmx.export.annotation.AnnotationMBeanExporter [main] [INFO ] - [431] - Registering beans for JMX exposure on startup
2018-03-13 11:35:15 org.springframework.context.support.DefaultLifecycleProcessor [main] [INFO ] - [343] - Starting beans in phase 2147483647
2018-03-13 11:35:15 springfox.documentation.spring.web.plugins.DocumentationPluginsBootstrapper [main] [INFO ] - [120] - Context refreshed
2018-03-13 11:35:15 springfox.documentation.spring.web.plugins.DocumentationPluginsBootstrapper [main] [INFO ] - [123] - Found 1 custom documentation plugin(s)
2018-03-13 11:35:15 springfox.documentation.spring.web.scanners.ApiListingReferenceScanner [main] [INFO ] - [41] - Scanning for api listing references
2018-03-13 11:35:15 org.springframework.scheduling.annotation.ScheduledAnnotationBeanPostProcessor [main] [INFO ] - [267] - No TaskScheduler/ScheduledExecutorService bean found for scheduled processing
2018-03-13 11:35:15 org.apache.coyote.http11.Http11NioProtocol [main] [INFO ] - [179] - Initializing ProtocolHandler ["http-nio-8080"]
2018-03-13 11:35:15 org.apache.coyote.http11.Http11NioProtocol [main] [INFO ] - [179] - Starting ProtocolHandler ["http-nio-8080"]
2018-03-13 11:35:15 org.apache.tomcat.util.net.NioSelectorPool [main] [INFO ] - [179] - Using a shared selector for servlet write/read
2018-03-13 11:35:15 org.springframework.boot.context.embedded.tomcat.TomcatEmbeddedServletContainer [main] [INFO ] - [201] - Tomcat started on port(s): 8080 (http)
2018-03-13 11:35:15 com.qtyd.controller.funds.RunController [main] [INFO ] - [44] - 数据库环境=正式环境
2018-03-13 11:35:15 com.qtyd.FundsProviderApplication [main] [INFO ] - [57] - Started FundsProviderApplication in 5.808 seconds (JVM running for 6.117)
2018-03-13 11:35:17 org.apache.catalina.core.ContainerBase.[Tomcat].[localhost].[/] [http-nio-8080-exec-1] [INFO ] - [179] - Initializing Spring FrameworkServlet 'dispatcherServlet'
2018-03-13 11:35:17 org.springframework.web.servlet.DispatcherServlet [http-nio-8080-exec-1] [INFO ] - [489] - FrameworkServlet 'dispatcherServlet': initialization started
2018-03-13 11:35:17 org.springframework.web.servlet.DispatcherServlet [http-nio-8080-exec-1] [INFO ] - [508] - FrameworkServlet 'dispatcherServlet': initialization completed in 36 ms
2018-03-13 11:35:22 com.qtyd.dao.funds.UserMapper.selectByPrimaryKey [http-nio-8080-exec-1] [DEBUG] - [139] - ==>  Preparing: select user_id, type_id, `order`, username, password, paypassword, islock, invite_userid, invite_money, real_status, card_type, card_id, card_pic1, card_pic2, nation, realname, invest_integral, integral, status, avatar_status, email_status, phone_status, video_status, scene_status, email, sex, litpic, tel, phone, qq, wangwang, email_temp, email_status_temp, birthday, province, city, area, address, logintime, addtime, addip, uptime, upip, lasttime, lastip, chongzu_id, cz_money, cz_cash, chongzu_new_id, idcardpic, job, is_company, reginvitename, reg_source, trackid, sina_status, sina_uid, nick_name, realname_time, reg_port, real_port, real_page, addip_province, phone_province, is_borrow_tender, is_account_recharge, is_payment_password, withhold, is_birthday_remind, tracktype_id, is_lazy_tender, device_status, task_marker, platcust, xiamen_status, is_payment_password_sina, logout_status , purview, remind, privacy from dw_user where user_id = ? 
2018-03-13 11:35:22 com.qtyd.dao.funds.UserMapper.selectByPrimaryKey [http-nio-8080-exec-1] [DEBUG] - [139] - ==>  Preparing: select user_id, type_id, `order`, username, password, paypassword, islock, invite_userid, invite_money, real_status, card_type, card_id, card_pic1, card_pic2, nation, realname, invest_integral, integral, status, avatar_status, email_status, phone_status, video_status, scene_status, email, sex, litpic, tel, phone, qq, wangwang, email_temp, email_status_temp, birthday, province, city, area, address, logintime, addtime, addip, uptime, upip, lasttime, lastip, chongzu_id, cz_money, cz_cash, chongzu_new_id, idcardpic, job, is_company, reginvitename, reg_source, trackid, sina_status, sina_uid, nick_name, realname_time, reg_port, real_port, real_page, addip_province, phone_province, is_borrow_tender, is_account_recharge, is_payment_password, withhold, is_birthday_remind, tracktype_id, is_lazy_tender, device_status, task_marker, platcust, xiamen_status, is_payment_password_sina, logout_status , purview, remind, privacy from dw_user where user_id = ? 
2018-03-13 11:35:22 com.qtyd.dao.funds.UserMapper.selectByPrimaryKey [http-nio-8080-exec-1] [DEBUG] - [139] - ==> Parameters: 1274265(Integer)
2018-03-13 11:35:22 com.qtyd.dao.funds.UserMapper.selectByPrimaryKey [http-nio-8080-exec-1] [DEBUG] - [139] - ==> Parameters: 1274265(Integer)
2018-03-13 11:35:22 com.qtyd.dao.funds.UserMapper.selectByPrimaryKey [http-nio-8080-exec-1] [DEBUG] - [139] - <==      Total: 1
2018-03-13 11:35:22 com.qtyd.dao.funds.UserMapper.selectByPrimaryKey [http-nio-8080-exec-1] [DEBUG] - [139] - <==      Total: 1
2018-03-13 11:35:22 com.qtyd.controller.funds.FundsController [http-nio-8080-exec-1] [INFO ] - [55] - session0dede6ce-ea40-42bc-998a-3f6ecd561f02
